This file contains any messages produced by compilers while
running configure, to aid debugging if configure makes a mistake.

It was created by FULL-PACKAGE-NAME configure VERSION, which was
generated by GNU Autoconf 2.69.  Invocation command line was

  $ ./configure 

## --------- ##
## Platform. ##
## --------- ##

hostname = wbic-cs-16
uname -m = x86_64
uname -r = 4.9.0-0.bpo.5-amd64
uname -s = Linux
uname -v = #1 SMP Debian 4.9.65-3+deb9u2~bpo8+1 (2017-01-05)

/usr/bin/uname -p = unknown
/bin/uname -X     = unknown

/bin/arch              = unknown
/usr/bin/arch -k       = unknown
/usr/convex/getsysinfo = unknown
/usr/bin/hostinfo      = unknown
/bin/machine           = unknown
/usr/bin/oslevel       = unknown
/bin/universe          = unknown

PATH: /applications/texlive/2016/bin/x86_64-linux
PATH: /applications/openmpi/openmpi-3.0.0/bin
PATH: /applications/ImageJ/1.50
PATH: /applications/spm/spm12_6906
PATH: /applications/fsl/fsl-5.0.10/bin
PATH: /applications/matlab/matlab2016a/bin
PATH: /applications/hphi/bin
PATH: /usr/local/bin
PATH: /usr/bin
PATH: /bin
PATH: /usr/local/games
PATH: /usr/games
PATH: .


## ----------- ##
## Core tests. ##
## ----------- ##

configure:2443: checking for a BSD-compatible install
configure:2511: result: /usr/bin/install -c
configure:2522: checking whether build environment is sane
configure:2577: result: yes
configure:2728: checking for a thread-safe mkdir -p
configure:2767: result: /bin/mkdir -p
configure:2774: checking for gawk
configure:2790: found /usr/bin/gawk
configure:2801: result: gawk
configure:2812: checking whether make sets $(MAKE)
configure:2834: result: yes
configure:2863: checking whether make supports nested variables
configure:2880: result: yes
configure:3035: checking build system type
configure:3049: result: x86_64-pc-linux-gnu
configure:3069: checking host system type
configure:3082: result: x86_64-pc-linux-gnu
configure:3123: checking how to print strings
configure:3150: result: printf
configure:3183: checking for style of include used by make
configure:3211: result: GNU
configure:3282: checking for gcc
configure:3298: found /usr/bin/gcc
configure:3309: result: gcc
configure:3538: checking for C compiler version
configure:3547: gcc --version >&5
gcc (Debian 4.9.2-10) 4.9.2
Copyright (C) 2014 Free Software Foundation, Inc.
This is free software; see the source for copying conditions.  There is NO
warranty; not even for MERCHANTABILITY or FITNESS FOR A PARTICULAR PURPOSE.

configure:3558: $? = 0
configure:3547: gcc -v >&5
Using built-in specs.
COLLECT_GCC=gcc
COLLECT_LTO_WRAPPER=/usr/lib/gcc/x86_64-linux-gnu/4.9/lto-wrapper
Target: x86_64-linux-gnu
Configured with: ../src/configure -v --with-pkgversion='Debian 4.9.2-10' --with-bugurl=file:///usr/share/doc/gcc-4.9/README.Bugs --enable-languages=c,c++,java,go,d,fortran,objc,obj-c++ --prefix=/usr --program-suffix=-4.9 --enable-shared --enable-linker-build-id --libexecdir=/usr/lib --without-included-gettext --enable-threads=posix --with-gxx-include-dir=/usr/include/c++/4.9 --libdir=/usr/lib --enable-nls --with-sysroot=/ --enable-clocale=gnu --enable-libstdcxx-debug --enable-libstdcxx-time=yes --enable-gnu-unique-object --disable-vtable-verify --enable-plugin --with-system-zlib --disable-browser-plugin --enable-java-awt=gtk --enable-gtk-cairo --with-java-home=/usr/lib/jvm/java-1.5.0-gcj-4.9-amd64/jre --enable-java-home --with-jvm-root-dir=/usr/lib/jvm/java-1.5.0-gcj-4.9-amd64 --with-jvm-jar-dir=/usr/lib/jvm-exports/java-1.5.0-gcj-4.9-amd64 --with-arch-directory=amd64 --with-ecj-jar=/usr/share/java/eclipse-ecj.jar --enable-objc-gc --enable-multiarch --with-arch-32=i586 --with-abi=m64 --with-multilib-list=m32,m64,mx32 --enable-multilib --with-tune=generic --enable-checking=release --build=x86_64-linux-gnu --host=x86_64-linux-gnu --target=x86_64-linux-gnu
Thread model: posix
gcc version 4.9.2 (Debian 4.9.2-10) 
configure:3558: $? = 0
configure:3547: gcc -V >&5
gcc: error: unrecognized command line option '-V'
gcc: fatal error: no input files
compilation terminated.
configure:3558: $? = 4
configure:3547: gcc -qversion >&5
gcc: error: unrecognized command line option '-qversion'
gcc: fatal error: no input files
compilation terminated.
configure:3558: $? = 4
configure:3578: checking whether the C compiler works
configure:3600: gcc    conftest.c  >&5
configure:3604: $? = 0
configure:3652: result: yes
configure:3655: checking for C compiler default output file name
configure:3657: result: a.out
configure:3663: checking for suffix of executables
configure:3670: gcc -o conftest    conftest.c  >&5
configure:3674: $? = 0
configure:3696: result: 
configure:3718: checking whether we are cross compiling
configure:3726: gcc -o conftest    conftest.c  >&5
configure:3730: $? = 0
configure:3737: ./conftest
configure:3741: $? = 0
configure:3756: result: no
configure:3761: checking for suffix of object files
configure:3783: gcc -c   conftest.c >&5
configure:3787: $? = 0
configure:3808: result: o
configure:3812: checking whether we are using the GNU C compiler
configure:3831: gcc -c   conftest.c >&5
configure:3831: $? = 0
configure:3840: result: yes
configure:3849: checking whether gcc accepts -g
configure:3869: gcc -c -g  conftest.c >&5
configure:3869: $? = 0
configure:3910: result: yes
configure:3927: checking for gcc option to accept ISO C89
configure:3990: gcc  -c -g -O2  conftest.c >&5
configure:3990: $? = 0
configure:4003: result: none needed
configure:4028: checking whether gcc understands -c and -o together
configure:4050: gcc -c conftest.c -o conftest2.o
configure:4053: $? = 0
configure:4050: gcc -c conftest.c -o conftest2.o
configure:4053: $? = 0
configure:4065: result: yes
configure:4084: checking dependency style of gcc
configure:4195: result: gcc3
configure:4210: checking for a sed that does not truncate output
configure:4274: result: /bin/sed
configure:4292: checking for grep that handles long lines and -e
configure:4350: result: /bin/grep
configure:4355: checking for egrep
configure:4417: result: /bin/grep -E
configure:4422: checking for fgrep
configure:4484: result: /bin/grep -F
configure:4519: checking for ld used by gcc
configure:4586: result: /usr/bin/ld
configure:4593: checking if the linker (/usr/bin/ld) is GNU ld
configure:4608: result: yes
configure:4620: checking for BSD- or MS-compatible name lister (nm)
configure:4669: result: /usr/bin/nm -B
configure:4799: checking the name lister (/usr/bin/nm -B) interface
configure:4806: gcc -c -g -O2  conftest.c >&5
configure:4809: /usr/bin/nm -B "conftest.o"
configure:4812: output
0000000000000000 B some_variable
configure:4819: result: BSD nm
configure:4822: checking whether ln -s works
configure:4826: result: yes
configure:4834: checking the maximum length of command line arguments
configure:4965: result: 1572864
configure:4982: checking whether the shell understands some XSI constructs
configure:4992: result: yes
configure:4996: checking whether the shell understands "+="
configure:5002: result: yes
configure:5037: checking how to convert x86_64-pc-linux-gnu file names to x86_64-pc-linux-gnu format
configure:5077: result: func_convert_file_noop
configure:5084: checking how to convert x86_64-pc-linux-gnu file names to toolchain format
configure:5104: result: func_convert_file_noop
configure:5111: checking for /usr/bin/ld option to reload object files
configure:5118: result: -r
configure:5192: checking for objdump
configure:5208: found /usr/bin/objdump
configure:5219: result: objdump
configure:5251: checking how to recognize dependent libraries
configure:5449: result: pass_all
configure:5534: checking for dlltool
configure:5564: result: no
configure:5594: checking how to associate runtime and link libraries
configure:5621: result: printf %s\n
configure:5682: checking for ar
configure:5698: found /usr/bin/ar
configure:5709: result: ar
configure:5746: checking for archiver @FILE support
configure:5763: gcc -c -g -O2  conftest.c >&5
configure:5763: $? = 0
configure:5766: ar cru libconftest.a @conftest.lst >&5
configure:5769: $? = 0
configure:5774: ar cru libconftest.a @conftest.lst >&5
ar: conftest.o: No such file or directory
configure:5777: $? = 1
configure:5789: result: @
configure:5847: checking for strip
configure:5863: found /usr/bin/strip
configure:5874: result: strip
configure:5946: checking for ranlib
configure:5962: found /usr/bin/ranlib
configure:5973: result: ranlib
configure:6075: checking command to parse /usr/bin/nm -B output from gcc object
configure:6195: gcc -c -g -O2  conftest.c >&5
configure:6198: $? = 0
configure:6202: /usr/bin/nm -B conftest.o \| sed -n -e 's/^.*[ ]\([ABCDGIRSTW][ABCDGIRSTW]*\)[ ][ ]*\([_A-Za-z][_A-Za-z0-9]*\)$/\1 \2 \2/p' | sed '/ __gnu_lto/d' \> conftest.nm
configure:6205: $? = 0
configure:6271: gcc -o conftest -g -O2   conftest.c conftstm.o >&5
configure:6274: $? = 0
configure:6312: result: ok
configure:6349: checking for sysroot
configure:6379: result: no
configure:6456: gcc -c -g -O2  conftest.c >&5
configure:6459: $? = 0
configure:6648: checking for mt
configure:6664: found /bin/mt
configure:6675: result: mt
configure:6698: checking if mt is a manifest tool
configure:6704: mt '-?'
configure:6712: result: no
configure:7354: checking how to run the C preprocessor
configure:7385: gcc -E  conftest.c
configure:7385: $? = 0
configure:7399: gcc -E  conftest.c
conftest.c:11:28: fatal error: ac_nonexistent.h: No such file or directory
 #include <ac_nonexistent.h>
                            ^
compilation terminated.
configure:7399: $? = 1
configure: failed program was:
| /* confdefs.h */
| #define PACKAGE_NAME "FULL-PACKAGE-NAME"
| #define PACKAGE_TARNAME "full-package-name"
| #define PACKAGE_VERSION "VERSION"
| #define PACKAGE_STRING "FULL-PACKAGE-NAME VERSION"
| #define PACKAGE_BUGREPORT "BUG-REPORT-ADDRESS"
| #define PACKAGE_URL ""
| #define PACKAGE "full-package-name"
| #define VERSION "VERSION"
| /* end confdefs.h.  */
| #include <ac_nonexistent.h>
configure:7424: result: gcc -E
configure:7444: gcc -E  conftest.c
configure:7444: $? = 0
configure:7458: gcc -E  conftest.c
conftest.c:11:28: fatal error: ac_nonexistent.h: No such file or directory
 #include <ac_nonexistent.h>
                            ^
compilation terminated.
configure:7458: $? = 1
configure: failed program was:
| /* confdefs.h */
| #define PACKAGE_NAME "FULL-PACKAGE-NAME"
| #define PACKAGE_TARNAME "full-package-name"
| #define PACKAGE_VERSION "VERSION"
| #define PACKAGE_STRING "FULL-PACKAGE-NAME VERSION"
| #define PACKAGE_BUGREPORT "BUG-REPORT-ADDRESS"
| #define PACKAGE_URL ""
| #define PACKAGE "full-package-name"
| #define VERSION "VERSION"
| /* end confdefs.h.  */
| #include <ac_nonexistent.h>
configure:7487: checking for ANSI C header files
configure:7507: gcc -c -g -O2  conftest.c >&5
configure:7507: $? = 0
configure:7580: gcc -o conftest -g -O2   conftest.c  >&5
configure:7580: $? = 0
configure:7580: ./conftest
configure:7580: $? = 0
configure:7591: result: yes
configure:7604: checking for sys/types.h
configure:7604: gcc -c -g -O2  conftest.c >&5
configure:7604: $? = 0
configure:7604: result: yes
configure:7604: checking for sys/stat.h
configure:7604: gcc -c -g -O2  conftest.c >&5
configure:7604: $? = 0
configure:7604: result: yes
configure:7604: checking for stdlib.h
configure:7604: gcc -c -g -O2  conftest.c >&5
configure:7604: $? = 0
configure:7604: result: yes
configure:7604: checking for string.h
configure:7604: gcc -c -g -O2  conftest.c >&5
configure:7604: $? = 0
configure:7604: result: yes
configure:7604: checking for memory.h
configure:7604: gcc -c -g -O2  conftest.c >&5
configure:7604: $? = 0
configure:7604: result: yes
configure:7604: checking for strings.h
configure:7604: gcc -c -g -O2  conftest.c >&5
configure:7604: $? = 0
configure:7604: result: yes
configure:7604: checking for inttypes.h
configure:7604: gcc -c -g -O2  conftest.c >&5
configure:7604: $? = 0
configure:7604: result: yes
configure:7604: checking for stdint.h
configure:7604: gcc -c -g -O2  conftest.c >&5
configure:7604: $? = 0
configure:7604: result: yes
configure:7604: checking for unistd.h
configure:7604: gcc -c -g -O2  conftest.c >&5
configure:7604: $? = 0
configure:7604: result: yes
configure:7618: checking for dlfcn.h
configure:7618: gcc -c -g -O2  conftest.c >&5
configure:7618: $? = 0
configure:7618: result: yes
configure:7824: checking for objdir
configure:7839: result: .libs
configure:8110: checking if gcc supports -fno-rtti -fno-exceptions
configure:8128: gcc -c -g -O2  -fno-rtti -fno-exceptions conftest.c >&5
cc1: warning: command line option '-fno-rtti' is valid for C++/ObjC++ but not for C
configure:8132: $? = 0
configure:8145: result: no
configure:8472: checking for gcc option to produce PIC
configure:8479: result: -fPIC -DPIC
configure:8487: checking if gcc PIC flag -fPIC -DPIC works
configure:8505: gcc -c -g -O2  -fPIC -DPIC -DPIC conftest.c >&5
configure:8509: $? = 0
configure:8522: result: yes
configure:8551: checking if gcc static flag -static works
configure:8579: result: yes
configure:8594: checking if gcc supports -c -o file.o
configure:8615: gcc -c -g -O2  -o out/conftest2.o conftest.c >&5
configure:8619: $? = 0
configure:8641: result: yes
configure:8649: checking if gcc supports -c -o file.o
configure:8696: result: yes
configure:8729: checking whether the gcc linker (/usr/bin/ld -m elf_x86_64) supports shared libraries
configure:9886: result: yes
configure:9923: checking whether -lc should be explicitly linked in
configure:9931: gcc -c -g -O2  conftest.c >&5
configure:9934: $? = 0
configure:9949: gcc -shared  -fPIC -DPIC conftest.o  -v -Wl,-soname -Wl,conftest -o conftest 2\>\&1 \| /bin/grep  -lc  \>/dev/null 2\>\&1
configure:9952: $? = 0
configure:9966: result: no
configure:10126: checking dynamic linker characteristics
configure:10626: gcc -o conftest -g -O2   -Wl,-rpath -Wl,/foo conftest.c  >&5
configure:10626: $? = 0
configure:10860: result: GNU/Linux ld.so
configure:10967: checking how to hardcode library paths into programs
configure:10992: result: immediate
configure:11532: checking whether stripping libraries is possible
configure:11537: result: yes
configure:11572: checking if libtool supports shared libraries
configure:11574: result: yes
configure:11577: checking whether to build shared libraries
configure:11598: result: yes
configure:11601: checking whether to build static libraries
configure:11605: result: yes
configure:11706: checking for g++
configure:11722: found /usr/bin/g++
configure:11733: result: g++
configure:11760: checking for C++ compiler version
configure:11769: g++ --version >&5
g++ (Debian 4.9.2-10) 4.9.2
Copyright (C) 2014 Free Software Foundation, Inc.
This is free software; see the source for copying conditions.  There is NO
warranty; not even for MERCHANTABILITY or FITNESS FOR A PARTICULAR PURPOSE.

configure:11780: $? = 0
configure:11769: g++ -v >&5
Using built-in specs.
COLLECT_GCC=g++
COLLECT_LTO_WRAPPER=/usr/lib/gcc/x86_64-linux-gnu/4.9/lto-wrapper
Target: x86_64-linux-gnu
Configured with: ../src/configure -v --with-pkgversion='Debian 4.9.2-10' --with-bugurl=file:///usr/share/doc/gcc-4.9/README.Bugs --enable-languages=c,c++,java,go,d,fortran,objc,obj-c++ --prefix=/usr --program-suffix=-4.9 --enable-shared --enable-linker-build-id --libexecdir=/usr/lib --without-included-gettext --enable-threads=posix --with-gxx-include-dir=/usr/include/c++/4.9 --libdir=/usr/lib --enable-nls --with-sysroot=/ --enable-clocale=gnu --enable-libstdcxx-debug --enable-libstdcxx-time=yes --enable-gnu-unique-object --disable-vtable-verify --enable-plugin --with-system-zlib --disable-browser-plugin --enable-java-awt=gtk --enable-gtk-cairo --with-java-home=/usr/lib/jvm/java-1.5.0-gcj-4.9-amd64/jre --enable-java-home --with-jvm-root-dir=/usr/lib/jvm/java-1.5.0-gcj-4.9-amd64 --with-jvm-jar-dir=/usr/lib/jvm-exports/java-1.5.0-gcj-4.9-amd64 --with-arch-directory=amd64 --with-ecj-jar=/usr/share/java/eclipse-ecj.jar --enable-objc-gc --enable-multiarch --with-arch-32=i586 --with-abi=m64 --with-multilib-list=m32,m64,mx32 --enable-multilib --with-tune=generic --enable-checking=release --build=x86_64-linux-gnu --host=x86_64-linux-gnu --target=x86_64-linux-gnu
Thread model: posix
gcc version 4.9.2 (Debian 4.9.2-10) 
configure:11780: $? = 0
configure:11769: g++ -V >&5
g++: error: unrecognized command line option '-V'
g++: fatal error: no input files
compilation terminated.
configure:11780: $? = 4
configure:11769: g++ -qversion >&5
g++: error: unrecognized command line option '-qversion'
g++: fatal error: no input files
compilation terminated.
configure:11780: $? = 4
configure:11784: checking whether we are using the GNU C++ compiler
configure:11803: g++ -c   conftest.cpp >&5
configure:11803: $? = 0
configure:11812: result: yes
configure:11821: checking whether g++ accepts -g
configure:11841: g++ -c -g  conftest.cpp >&5
configure:11841: $? = 0
configure:11882: result: yes
configure:11907: checking dependency style of g++
configure:12018: result: gcc3
configure:12051: checking how to run the C++ preprocessor
configure:12078: g++ -E  conftest.cpp
configure:12078: $? = 0
configure:12092: g++ -E  conftest.cpp
conftest.cpp:23:28: fatal error: ac_nonexistent.h: No such file or directory
 #include <ac_nonexistent.h>
                            ^
compilation terminated.
configure:12092: $? = 1
configure: failed program was:
| /* confdefs.h */
| #define PACKAGE_NAME "FULL-PACKAGE-NAME"
| #define PACKAGE_TARNAME "full-package-name"
| #define PACKAGE_VERSION "VERSION"
| #define PACKAGE_STRING "FULL-PACKAGE-NAME VERSION"
| #define PACKAGE_BUGREPORT "BUG-REPORT-ADDRESS"
| #define PACKAGE_URL ""
| #define PACKAGE "full-package-name"
| #define VERSION "VERSION"
| #define STDC_HEADERS 1
| #define HAVE_SYS_TYPES_H 1
| #define HAVE_SYS_STAT_H 1
| #define HAVE_STDLIB_H 1
| #define HAVE_STRING_H 1
| #define HAVE_MEMORY_H 1
| #define HAVE_STRINGS_H 1
| #define HAVE_INTTYPES_H 1
| #define HAVE_STDINT_H 1
| #define HAVE_UNISTD_H 1
| #define HAVE_DLFCN_H 1
| #define LT_OBJDIR ".libs/"
| /* end confdefs.h.  */
| #include <ac_nonexistent.h>
configure:12117: result: g++ -E
configure:12137: g++ -E  conftest.cpp
configure:12137: $? = 0
configure:12151: g++ -E  conftest.cpp
conftest.cpp:23:28: fatal error: ac_nonexistent.h: No such file or directory
 #include <ac_nonexistent.h>
                            ^
compilation terminated.
configure:12151: $? = 1
configure: failed program was:
| /* confdefs.h */
| #define PACKAGE_NAME "FULL-PACKAGE-NAME"
| #define PACKAGE_TARNAME "full-package-name"
| #define PACKAGE_VERSION "VERSION"
| #define PACKAGE_STRING "FULL-PACKAGE-NAME VERSION"
| #define PACKAGE_BUGREPORT "BUG-REPORT-ADDRESS"
| #define PACKAGE_URL ""
| #define PACKAGE "full-package-name"
| #define VERSION "VERSION"
| #define STDC_HEADERS 1
| #define HAVE_SYS_TYPES_H 1
| #define HAVE_SYS_STAT_H 1
| #define HAVE_STDLIB_H 1
| #define HAVE_STRING_H 1
| #define HAVE_MEMORY_H 1
| #define HAVE_STRINGS_H 1
| #define HAVE_INTTYPES_H 1
| #define HAVE_STDINT_H 1
| #define HAVE_UNISTD_H 1
| #define HAVE_DLFCN_H 1
| #define LT_OBJDIR ".libs/"
| /* end confdefs.h.  */
| #include <ac_nonexistent.h>
configure:12320: checking for ld used by g++
configure:12387: result: /usr/bin/ld -m elf_x86_64
configure:12394: checking if the linker (/usr/bin/ld -m elf_x86_64) is GNU ld
configure:12409: result: yes
configure:12464: checking whether the g++ linker (/usr/bin/ld -m elf_x86_64) supports shared libraries
configure:13466: result: yes
configure:13502: g++ -c -g -O2  conftest.cpp >&5
configure:13505: $? = 0
configure:14025: checking for g++ option to produce PIC
configure:14032: result: -fPIC -DPIC
configure:14040: checking if g++ PIC flag -fPIC -DPIC works
configure:14058: g++ -c -g -O2  -fPIC -DPIC -DPIC conftest.cpp >&5
configure:14062: $? = 0
configure:14075: result: yes
configure:14098: checking if g++ static flag -static works
configure:14126: result: yes
configure:14138: checking if g++ supports -c -o file.o
configure:14159: g++ -c -g -O2  -o out/conftest2.o conftest.cpp >&5
configure:14163: $? = 0
configure:14185: result: yes
configure:14190: checking if g++ supports -c -o file.o
configure:14237: result: yes
configure:14267: checking whether the g++ linker (/usr/bin/ld -m elf_x86_64) supports shared libraries
configure:14306: result: yes
configure:14447: checking dynamic linker characteristics
configure:15115: result: GNU/Linux ld.so
configure:15168: checking how to hardcode library paths into programs
configure:15193: result: immediate
configure:15237: checking for gawk
configure:15264: result: gawk
configure:15323: checking for gcc
configure:15350: result: gcc
configure:15579: checking for C compiler version
configure:15588: gcc --version >&5
gcc (Debian 4.9.2-10) 4.9.2
Copyright (C) 2014 Free Software Foundation, Inc.
This is free software; see the source for copying conditions.  There is NO
warranty; not even for MERCHANTABILITY or FITNESS FOR A PARTICULAR PURPOSE.

configure:15599: $? = 0
configure:15588: gcc -v >&5
Using built-in specs.
COLLECT_GCC=gcc
COLLECT_LTO_WRAPPER=/usr/lib/gcc/x86_64-linux-gnu/4.9/lto-wrapper
Target: x86_64-linux-gnu
Configured with: ../src/configure -v --with-pkgversion='Debian 4.9.2-10' --with-bugurl=file:///usr/share/doc/gcc-4.9/README.Bugs --enable-languages=c,c++,java,go,d,fortran,objc,obj-c++ --prefix=/usr --program-suffix=-4.9 --enable-shared --enable-linker-build-id --libexecdir=/usr/lib --without-included-gettext --enable-threads=posix --with-gxx-include-dir=/usr/include/c++/4.9 --libdir=/usr/lib --enable-nls --with-sysroot=/ --enable-clocale=gnu --enable-libstdcxx-debug --enable-libstdcxx-time=yes --enable-gnu-unique-object --disable-vtable-verify --enable-plugin --with-system-zlib --disable-browser-plugin --enable-java-awt=gtk --enable-gtk-cairo --with-java-home=/usr/lib/jvm/java-1.5.0-gcj-4.9-amd64/jre --enable-java-home --with-jvm-root-dir=/usr/lib/jvm/java-1.5.0-gcj-4.9-amd64 --with-jvm-jar-dir=/usr/lib/jvm-exports/java-1.5.0-gcj-4.9-amd64 --with-arch-directory=amd64 --with-ecj-jar=/usr/share/java/eclipse-ecj.jar --enable-objc-gc --enable-multiarch --with-arch-32=i586 --with-abi=m64 --with-multilib-list=m32,m64,mx32 --enable-multilib --with-tune=generic --enable-checking=release --build=x86_64-linux-gnu --host=x86_64-linux-gnu --target=x86_64-linux-gnu
Thread model: posix
gcc version 4.9.2 (Debian 4.9.2-10) 
configure:15599: $? = 0
configure:15588: gcc -V >&5
gcc: error: unrecognized command line option '-V'
gcc: fatal error: no input files
compilation terminated.
configure:15599: $? = 4
configure:15588: gcc -qversion >&5
gcc: error: unrecognized command line option '-qversion'
gcc: fatal error: no input files
compilation terminated.
configure:15599: $? = 4
configure:15603: checking whether we are using the GNU C compiler
configure:15631: result: yes
configure:15640: checking whether gcc accepts -g
configure:15701: result: yes
configure:15718: checking for gcc option to accept ISO C89
configure:15794: result: none needed
configure:15819: checking whether gcc understands -c and -o together
configure:15856: result: yes
configure:15875: checking dependency style of gcc
configure:15986: result: gcc3
configure:16006: checking how to run the C preprocessor
configure:16076: result: gcc -E
configure:16096: gcc -E  conftest.c
configure:16096: $? = 0
configure:16110: gcc -E  conftest.c
conftest.c:23:28: fatal error: ac_nonexistent.h: No such file or directory
 #include <ac_nonexistent.h>
                            ^
compilation terminated.
configure:16110: $? = 1
configure: failed program was:
| /* confdefs.h */
| #define PACKAGE_NAME "FULL-PACKAGE-NAME"
| #define PACKAGE_TARNAME "full-package-name"
| #define PACKAGE_VERSION "VERSION"
| #define PACKAGE_STRING "FULL-PACKAGE-NAME VERSION"
| #define PACKAGE_BUGREPORT "BUG-REPORT-ADDRESS"
| #define PACKAGE_URL ""
| #define PACKAGE "full-package-name"
| #define VERSION "VERSION"
| #define STDC_HEADERS 1
| #define HAVE_SYS_TYPES_H 1
| #define HAVE_SYS_STAT_H 1
| #define HAVE_STDLIB_H 1
| #define HAVE_STRING_H 1
| #define HAVE_MEMORY_H 1
| #define HAVE_STRINGS_H 1
| #define HAVE_INTTYPES_H 1
| #define HAVE_STDINT_H 1
| #define HAVE_UNISTD_H 1
| #define HAVE_DLFCN_H 1
| #define LT_OBJDIR ".libs/"
| /* end confdefs.h.  */
| #include <ac_nonexistent.h>
configure:16139: checking whether ln -s works
configure:16143: result: yes
configure:16150: checking whether make sets $(MAKE)
configure:16172: result: yes
configure:16188: checking fenv.h usability
configure:16188: gcc -c -g -O2  conftest.c >&5
configure:16188: $? = 0
configure:16188: result: yes
configure:16188: checking fenv.h presence
configure:16188: gcc -E  conftest.c
configure:16188: $? = 0
configure:16188: result: yes
configure:16188: checking for fenv.h
configure:16188: result: yes
configure:16188: checking for stdlib.h
configure:16188: result: yes
configure:16188: checking for string.h
configure:16188: result: yes
configure:16200: checking for stdbool.h that conforms to C99
configure:16267: gcc -c -g -O2  conftest.c >&5
configure:16267: $? = 0
configure:16274: result: yes
configure:16276: checking for _Bool
configure:16276: gcc -c -g -O2  conftest.c >&5
configure:16276: $? = 0
configure:16276: gcc -c -g -O2  conftest.c >&5
conftest.c: In function 'main':
conftest.c:62:20: error: expected expression before ')' token
 if (sizeof ((_Bool)))
                    ^
configure:16276: $? = 1
configure: failed program was:
| /* confdefs.h */
| #define PACKAGE_NAME "FULL-PACKAGE-NAME"
| #define PACKAGE_TARNAME "full-package-name"
| #define PACKAGE_VERSION "VERSION"
| #define PACKAGE_STRING "FULL-PACKAGE-NAME VERSION"
| #define PACKAGE_BUGREPORT "BUG-REPORT-ADDRESS"
| #define PACKAGE_URL ""
| #define PACKAGE "full-package-name"
| #define VERSION "VERSION"
| #define STDC_HEADERS 1
| #define HAVE_SYS_TYPES_H 1
| #define HAVE_SYS_STAT_H 1
| #define HAVE_STDLIB_H 1
| #define HAVE_STRING_H 1
| #define HAVE_MEMORY_H 1
| #define HAVE_STRINGS_H 1
| #define HAVE_INTTYPES_H 1
| #define HAVE_STDINT_H 1
| #define HAVE_UNISTD_H 1
| #define HAVE_DLFCN_H 1
| #define LT_OBJDIR ".libs/"
| #define HAVE_FENV_H 1
| #define HAVE_STDLIB_H 1
| #define HAVE_STRING_H 1
| /* end confdefs.h.  */
| #include <stdio.h>
| #ifdef HAVE_SYS_TYPES_H
| # include <sys/types.h>
| #endif
| #ifdef HAVE_SYS_STAT_H
| # include <sys/stat.h>
| #endif
| #ifdef STDC_HEADERS
| # include <stdlib.h>
| # include <stddef.h>
| #else
| # ifdef HAVE_STDLIB_H
| #  include <stdlib.h>
| # endif
| #endif
| #ifdef HAVE_STRING_H
| # if !defined STDC_HEADERS && defined HAVE_MEMORY_H
| #  include <memory.h>
| # endif
| # include <string.h>
| #endif
| #ifdef HAVE_STRINGS_H
| # include <strings.h>
| #endif
| #ifdef HAVE_INTTYPES_H
| # include <inttypes.h>
| #endif
| #ifdef HAVE_STDINT_H
| # include <stdint.h>
| #endif
| #ifdef HAVE_UNISTD_H
| # include <unistd.h>
| #endif
| int
| main ()
| {
| if (sizeof ((_Bool)))
| 	    return 0;
|   ;
|   return 0;
| }
configure:16276: result: yes
configure:16287: checking for inline
configure:16303: gcc -c -g -O2  conftest.c >&5
configure:16303: $? = 0
configure:16311: result: inline
configure:16329: checking for size_t
configure:16329: gcc -c -g -O2  conftest.c >&5
configure:16329: $? = 0
configure:16329: gcc -c -g -O2  conftest.c >&5
conftest.c: In function 'main':
conftest.c:63:21: error: expected expression before ')' token
 if (sizeof ((size_t)))
                     ^
configure:16329: $? = 1
configure: failed program was:
| /* confdefs.h */
| #define PACKAGE_NAME "FULL-PACKAGE-NAME"
| #define PACKAGE_TARNAME "full-package-name"
| #define PACKAGE_VERSION "VERSION"
| #define PACKAGE_STRING "FULL-PACKAGE-NAME VERSION"
| #define PACKAGE_BUGREPORT "BUG-REPORT-ADDRESS"
| #define PACKAGE_URL ""
| #define PACKAGE "full-package-name"
| #define VERSION "VERSION"
| #define STDC_HEADERS 1
| #define HAVE_SYS_TYPES_H 1
| #define HAVE_SYS_STAT_H 1
| #define HAVE_STDLIB_H 1
| #define HAVE_STRING_H 1
| #define HAVE_MEMORY_H 1
| #define HAVE_STRINGS_H 1
| #define HAVE_INTTYPES_H 1
| #define HAVE_STDINT_H 1
| #define HAVE_UNISTD_H 1
| #define HAVE_DLFCN_H 1
| #define LT_OBJDIR ".libs/"
| #define HAVE_FENV_H 1
| #define HAVE_STDLIB_H 1
| #define HAVE_STRING_H 1
| #define HAVE__BOOL 1
| /* end confdefs.h.  */
| #include <stdio.h>
| #ifdef HAVE_SYS_TYPES_H
| # include <sys/types.h>
| #endif
| #ifdef HAVE_SYS_STAT_H
| # include <sys/stat.h>
| #endif
| #ifdef STDC_HEADERS
| # include <stdlib.h>
| # include <stddef.h>
| #else
| # ifdef HAVE_STDLIB_H
| #  include <stdlib.h>
| # endif
| #endif
| #ifdef HAVE_STRING_H
| # if !defined STDC_HEADERS && defined HAVE_MEMORY_H
| #  include <memory.h>
| # endif
| # include <string.h>
| #endif
| #ifdef HAVE_STRINGS_H
| # include <strings.h>
| #endif
| #ifdef HAVE_INTTYPES_H
| # include <inttypes.h>
| #endif
| #ifdef HAVE_STDINT_H
| # include <stdint.h>
| #endif
| #ifdef HAVE_UNISTD_H
| # include <unistd.h>
| #endif
| int
| main ()
| {
| if (sizeof ((size_t)))
| 	    return 0;
|   ;
|   return 0;
| }
configure:16329: result: yes
configure:16342: checking for error_at_line
configure:16358: gcc -o conftest -g -O2   conftest.c  >&5
configure:16358: $? = 0
configure:16366: result: yes
configure:16379: checking for stdlib.h
configure:16379: result: yes
configure:16389: checking for GNU libc compatible malloc
configure:16413: gcc -o conftest -g -O2   conftest.c  >&5
configure:16413: $? = 0
configure:16413: ./conftest
configure:16413: $? = 0
configure:16423: result: yes
configure:16447: checking for floor
configure:16447: gcc -o conftest -g -O2   conftest.c  >&5
conftest.c:52:6: warning: conflicting types for built-in function 'floor'
 char floor ();
      ^
/tmp/ccVUJL4G.o: In function `main':
/home/gm285/Fish/jtc_public/JTC/conftest.c:63: undefined reference to `floor'
collect2: error: ld returned 1 exit status
configure:16447: $? = 1
configure: failed program was:
| /* confdefs.h */
| #define PACKAGE_NAME "FULL-PACKAGE-NAME"
| #define PACKAGE_TARNAME "full-package-name"
| #define PACKAGE_VERSION "VERSION"
| #define PACKAGE_STRING "FULL-PACKAGE-NAME VERSION"
| #define PACKAGE_BUGREPORT "BUG-REPORT-ADDRESS"
| #define PACKAGE_URL ""
| #define PACKAGE "full-package-name"
| #define VERSION "VERSION"
| #define STDC_HEADERS 1
| #define HAVE_SYS_TYPES_H 1
| #define HAVE_SYS_STAT_H 1
| #define HAVE_STDLIB_H 1
| #define HAVE_STRING_H 1
| #define HAVE_MEMORY_H 1
| #define HAVE_STRINGS_H 1
| #define HAVE_INTTYPES_H 1
| #define HAVE_STDINT_H 1
| #define HAVE_UNISTD_H 1
| #define HAVE_DLFCN_H 1
| #define LT_OBJDIR ".libs/"
| #define HAVE_FENV_H 1
| #define HAVE_STDLIB_H 1
| #define HAVE_STRING_H 1
| #define HAVE__BOOL 1
| #define HAVE_STDLIB_H 1
| #define HAVE_MALLOC 1
| /* end confdefs.h.  */
| /* Define floor to an innocuous variant, in case <limits.h> declares floor.
|    For example, HP-UX 11i <limits.h> declares gettimeofday.  */
| #define floor innocuous_floor
| 
| /* System header to define __stub macros and hopefully few prototypes,
|     which can conflict with char floor (); below.
|     Prefer <limits.h> to <assert.h> if __STDC__ is defined, since
|     <limits.h> exists even on freestanding compilers.  */
| 
| #ifdef __STDC__
| # include <limits.h>
| #else
| # include <assert.h>
| #endif
| 
| #undef floor
| 
| /* Override any GCC internal prototype to avoid an error.
|    Use char because int might match the return type of a GCC
|    builtin and then its argument prototype would still apply.  */
| #ifdef __cplusplus
| extern "C"
| #endif
| char floor ();
| /* The GNU C library defines this for functions which it implements
|     to always fail with ENOSYS.  Some functions are actually named
|     something starting with __ and the normal name is an alias.  */
| #if defined __stub_floor || defined __stub___floor
| choke me
| #endif
| 
| int
| main ()
| {
| return floor ();
|   ;
|   return 0;
| }
configure:16447: result: no
configure:16447: checking for pow
configure:16447: gcc -o conftest -g -O2   conftest.c  >&5
conftest.c:52:6: warning: conflicting types for built-in function 'pow'
 char pow ();
      ^
/tmp/ccF75HpW.o: In function `main':
/home/gm285/Fish/jtc_public/JTC/conftest.c:63: undefined reference to `pow'
collect2: error: ld returned 1 exit status
configure:16447: $? = 1
configure: failed program was:
| /* confdefs.h */
| #define PACKAGE_NAME "FULL-PACKAGE-NAME"
| #define PACKAGE_TARNAME "full-package-name"
| #define PACKAGE_VERSION "VERSION"
| #define PACKAGE_STRING "FULL-PACKAGE-NAME VERSION"
| #define PACKAGE_BUGREPORT "BUG-REPORT-ADDRESS"
| #define PACKAGE_URL ""
| #define PACKAGE "full-package-name"
| #define VERSION "VERSION"
| #define STDC_HEADERS 1
| #define HAVE_SYS_TYPES_H 1
| #define HAVE_SYS_STAT_H 1
| #define HAVE_STDLIB_H 1
| #define HAVE_STRING_H 1
| #define HAVE_MEMORY_H 1
| #define HAVE_STRINGS_H 1
| #define HAVE_INTTYPES_H 1
| #define HAVE_STDINT_H 1
| #define HAVE_UNISTD_H 1
| #define HAVE_DLFCN_H 1
| #define LT_OBJDIR ".libs/"
| #define HAVE_FENV_H 1
| #define HAVE_STDLIB_H 1
| #define HAVE_STRING_H 1
| #define HAVE__BOOL 1
| #define HAVE_STDLIB_H 1
| #define HAVE_MALLOC 1
| /* end confdefs.h.  */
| /* Define pow to an innocuous variant, in case <limits.h> declares pow.
|    For example, HP-UX 11i <limits.h> declares gettimeofday.  */
| #define pow innocuous_pow
| 
| /* System header to define __stub macros and hopefully few prototypes,
|     which can conflict with char pow (); below.
|     Prefer <limits.h> to <assert.h> if __STDC__ is defined, since
|     <limits.h> exists even on freestanding compilers.  */
| 
| #ifdef __STDC__
| # include <limits.h>
| #else
| # include <assert.h>
| #endif
| 
| #undef pow
| 
| /* Override any GCC internal prototype to avoid an error.
|    Use char because int might match the return type of a GCC
|    builtin and then its argument prototype would still apply.  */
| #ifdef __cplusplus
| extern "C"
| #endif
| char pow ();
| /* The GNU C library defines this for functions which it implements
|     to always fail with ENOSYS.  Some functions are actually named
|     something starting with __ and the normal name is an alias.  */
| #if defined __stub_pow || defined __stub___pow
| choke me
| #endif
| 
| int
| main ()
| {
| return pow ();
|   ;
|   return 0;
| }
configure:16447: result: no
configure:16447: checking for sqrt
configure:16447: gcc -o conftest -g -O2   conftest.c  >&5
conftest.c:52:6: warning: conflicting types for built-in function 'sqrt'
 char sqrt ();
      ^
/tmp/cc17vBDb.o: In function `main':
/home/gm285/Fish/jtc_public/JTC/conftest.c:63: undefined reference to `sqrt'
collect2: error: ld returned 1 exit status
configure:16447: $? = 1
configure: failed program was:
| /* confdefs.h */
| #define PACKAGE_NAME "FULL-PACKAGE-NAME"
| #define PACKAGE_TARNAME "full-package-name"
| #define PACKAGE_VERSION "VERSION"
| #define PACKAGE_STRING "FULL-PACKAGE-NAME VERSION"
| #define PACKAGE_BUGREPORT "BUG-REPORT-ADDRESS"
| #define PACKAGE_URL ""
| #define PACKAGE "full-package-name"
| #define VERSION "VERSION"
| #define STDC_HEADERS 1
| #define HAVE_SYS_TYPES_H 1
| #define HAVE_SYS_STAT_H 1
| #define HAVE_STDLIB_H 1
| #define HAVE_STRING_H 1
| #define HAVE_MEMORY_H 1
| #define HAVE_STRINGS_H 1
| #define HAVE_INTTYPES_H 1
| #define HAVE_STDINT_H 1
| #define HAVE_UNISTD_H 1
| #define HAVE_DLFCN_H 1
| #define LT_OBJDIR ".libs/"
| #define HAVE_FENV_H 1
| #define HAVE_STDLIB_H 1
| #define HAVE_STRING_H 1
| #define HAVE__BOOL 1
| #define HAVE_STDLIB_H 1
| #define HAVE_MALLOC 1
| /* end confdefs.h.  */
| /* Define sqrt to an innocuous variant, in case <limits.h> declares sqrt.
|    For example, HP-UX 11i <limits.h> declares gettimeofday.  */
| #define sqrt innocuous_sqrt
| 
| /* System header to define __stub macros and hopefully few prototypes,
|     which can conflict with char sqrt (); below.
|     Prefer <limits.h> to <assert.h> if __STDC__ is defined, since
|     <limits.h> exists even on freestanding compilers.  */
| 
| #ifdef __STDC__
| # include <limits.h>
| #else
| # include <assert.h>
| #endif
| 
| #undef sqrt
| 
| /* Override any GCC internal prototype to avoid an error.
|    Use char because int might match the return type of a GCC
|    builtin and then its argument prototype would still apply.  */
| #ifdef __cplusplus
| extern "C"
| #endif
| char sqrt ();
| /* The GNU C library defines this for functions which it implements
|     to always fail with ENOSYS.  Some functions are actually named
|     something starting with __ and the normal name is an alias.  */
| #if defined __stub_sqrt || defined __stub___sqrt
| choke me
| #endif
| 
| int
| main ()
| {
| return sqrt ();
|   ;
|   return 0;
| }
configure:16447: result: no
configure:16572: checking that generated files are newer than configure
configure:16578: result: done
configure:16609: creating ./config.status

## ---------------------- ##
## Running config.status. ##
## ---------------------- ##

This file was extended by FULL-PACKAGE-NAME config.status VERSION, which was
generated by GNU Autoconf 2.69.  Invocation command line was

  CONFIG_FILES    = 
  CONFIG_HEADERS  = 
  CONFIG_LINKS    = 
  CONFIG_COMMANDS = 
  $ ./config.status 

on wbic-cs-16

config.status:1151: creating Makefile
config.status:1151: creating cc/Makefile
config.status:1151: creating config.h
config.status:1332: config.h is unchanged
config.status:1380: executing depfiles commands
config.status:1380: executing libtool commands
configure:19165: === configuring in cc/blitzpp-blitz-19079b6 (/home/gm285/Fish/jtc_public/JTC/cc/blitzpp-blitz-19079b6)
configure:19228: running /bin/bash ./configure --disable-option-checking '--prefix=/usr/local'  --cache-file=/dev/null --srcdir=.
configure:19165: === configuring in cc/gsl-2.4 (/home/gm285/Fish/jtc_public/JTC/cc/gsl-2.4)
configure:19228: running /bin/bash ./configure --disable-option-checking '--prefix=/usr/local'  --cache-file=/dev/null --srcdir=.

## ---------------- ##
## Cache variables. ##
## ---------------- ##

ac_cv_build=x86_64-pc-linux-gnu
ac_cv_c_compiler_gnu=yes
ac_cv_c_inline=inline
ac_cv_cxx_compiler_gnu=yes
ac_cv_env_CCC_set=
ac_cv_env_CCC_value=
ac_cv_env_CC_set=
ac_cv_env_CC_value=
ac_cv_env_CFLAGS_set=
ac_cv_env_CFLAGS_value=
ac_cv_env_CPPFLAGS_set=
ac_cv_env_CPPFLAGS_value=
ac_cv_env_CPP_set=
ac_cv_env_CPP_value=
ac_cv_env_CXXCPP_set=
ac_cv_env_CXXCPP_value=
ac_cv_env_CXXFLAGS_set=
ac_cv_env_CXXFLAGS_value=
ac_cv_env_CXX_set=
ac_cv_env_CXX_value=
ac_cv_env_LDFLAGS_set=
ac_cv_env_LDFLAGS_value=
ac_cv_env_LIBS_set=
ac_cv_env_LIBS_value=
ac_cv_env_build_alias_set=
ac_cv_env_build_alias_value=
ac_cv_env_host_alias_set=
ac_cv_env_host_alias_value=
ac_cv_env_target_alias_set=
ac_cv_env_target_alias_value=
ac_cv_func_floor=no
ac_cv_func_malloc_0_nonnull=yes
ac_cv_func_pow=no
ac_cv_func_sqrt=no
ac_cv_header_dlfcn_h=yes
ac_cv_header_fenv_h=yes
ac_cv_header_inttypes_h=yes
ac_cv_header_memory_h=yes
ac_cv_header_stdbool_h=yes
ac_cv_header_stdc=yes
ac_cv_header_stdint_h=yes
ac_cv_header_stdlib_h=yes
ac_cv_header_string_h=yes
ac_cv_header_strings_h=yes
ac_cv_header_sys_stat_h=yes
ac_cv_header_sys_types_h=yes
ac_cv_header_unistd_h=yes
ac_cv_host=x86_64-pc-linux-gnu
ac_cv_lib_error_at_line=yes
ac_cv_objext=o
ac_cv_path_EGREP='/bin/grep -E'
ac_cv_path_FGREP='/bin/grep -F'
ac_cv_path_GREP=/bin/grep
ac_cv_path_SED=/bin/sed
ac_cv_path_install='/usr/bin/install -c'
ac_cv_path_mkdir=/bin/mkdir
ac_cv_prog_AWK=gawk
ac_cv_prog_CPP='gcc -E'
ac_cv_prog_CXXCPP='g++ -E'
ac_cv_prog_ac_ct_AR=ar
ac_cv_prog_ac_ct_CC=gcc
ac_cv_prog_ac_ct_CXX=g++
ac_cv_prog_ac_ct_MANIFEST_TOOL=mt
ac_cv_prog_ac_ct_OBJDUMP=objdump
ac_cv_prog_ac_ct_RANLIB=ranlib
ac_cv_prog_ac_ct_STRIP=strip
ac_cv_prog_cc_c89=
ac_cv_prog_cc_g=yes
ac_cv_prog_cxx_g=yes
ac_cv_prog_make_make_set=yes
ac_cv_type__Bool=yes
ac_cv_type_size_t=yes
am_cv_CC_dependencies_compiler_type=gcc3
am_cv_CXX_dependencies_compiler_type=gcc3
am_cv_make_support_nested_variables=yes
am_cv_prog_cc_c_o=yes
lt_cv_ar_at_file=@
lt_cv_archive_cmds_need_lc=no
lt_cv_deplibs_check_method=pass_all
lt_cv_file_magic_cmd='$MAGIC_CMD'
lt_cv_file_magic_test_file=
lt_cv_ld_reload_flag=-r
lt_cv_nm_interface='BSD nm'
lt_cv_objdir=.libs
lt_cv_path_LD=/usr/bin/ld
lt_cv_path_LDCXX='/usr/bin/ld -m elf_x86_64'
lt_cv_path_NM='/usr/bin/nm -B'
lt_cv_path_mainfest_tool=no
lt_cv_prog_compiler_c_o=yes
lt_cv_prog_compiler_c_o_CXX=yes
lt_cv_prog_compiler_pic='-fPIC -DPIC'
lt_cv_prog_compiler_pic_CXX='-fPIC -DPIC'
lt_cv_prog_compiler_pic_works=yes
lt_cv_prog_compiler_pic_works_CXX=yes
lt_cv_prog_compiler_rtti_exceptions=no
lt_cv_prog_compiler_static_works=yes
lt_cv_prog_compiler_static_works_CXX=yes
lt_cv_prog_gnu_ld=yes
lt_cv_prog_gnu_ldcxx=yes
lt_cv_sharedlib_from_linklib_cmd='printf %s\n'
lt_cv_shlibpath_overrides_runpath=no
lt_cv_sys_global_symbol_pipe='sed -n -e '\''s/^.*[	 ]\([ABCDGIRSTW][ABCDGIRSTW]*\)[	 ][	 ]*\([_A-Za-z][_A-Za-z0-9]*\)$/\1 \2 \2/p'\'' | sed '\''/ __gnu_lto/d'\'''
lt_cv_sys_global_symbol_to_c_name_address='sed -n -e '\''s/^: \([^ ]*\)[ ]*$/  {\"\1\", (void *) 0},/p'\'' -e '\''s/^[ABCDGIRSTW]* \([^ ]*\) \([^ ]*\)$/  {"\2", (void *) \&\2},/p'\'''
lt_cv_sys_global_symbol_to_c_name_address_lib_prefix='sed -n -e '\''s/^: \([^ ]*\)[ ]*$/  {\"\1\", (void *) 0},/p'\'' -e '\''s/^[ABCDGIRSTW]* \([^ ]*\) \(lib[^ ]*\)$/  {"\2", (void *) \&\2},/p'\'' -e '\''s/^[ABCDGIRSTW]* \([^ ]*\) \([^ ]*\)$/  {"lib\2", (void *) \&\2},/p'\'''
lt_cv_sys_global_symbol_to_cdecl='sed -n -e '\''s/^T .* \(.*\)$/extern int \1();/p'\'' -e '\''s/^[ABCDGIRSTW]* .* \(.*\)$/extern char \1;/p'\'''
lt_cv_sys_max_cmd_len=1572864
lt_cv_to_host_file_cmd=func_convert_file_noop
lt_cv_to_tool_file_cmd=func_convert_file_noop

## ----------------- ##
## Output variables. ##
## ----------------- ##

ACLOCAL='${SHELL} /home/gm285/Fish/jtc_public/JTC/missing aclocal-1.14'
AMDEPBACKSLASH='\'
AMDEP_FALSE='#'
AMDEP_TRUE=''
AMTAR='$${TAR-tar}'
AM_BACKSLASH='\'
AM_DEFAULT_V='$(AM_DEFAULT_VERBOSITY)'
AM_DEFAULT_VERBOSITY='1'
AM_V='$(V)'
AR='ar'
AUTOCONF='${SHELL} /home/gm285/Fish/jtc_public/JTC/missing autoconf'
AUTOHEADER='${SHELL} /home/gm285/Fish/jtc_public/JTC/missing autoheader'
AUTOMAKE='${SHELL} /home/gm285/Fish/jtc_public/JTC/missing automake-1.14'
AWK='gawk'
CC='gcc'
CCDEPMODE='depmode=gcc3'
CFLAGS='-g -O2'
CPP='gcc -E'
CPPFLAGS=''
CXX='g++'
CXXCPP='g++ -E'
CXXDEPMODE='depmode=gcc3'
CXXFLAGS='-g -O2'
CYGPATH_W='echo'
DEFS='-DHAVE_CONFIG_H'
DEPDIR='.deps'
DLLTOOL='false'
DSYMUTIL=''
DUMPBIN=''
ECHO_C=''
ECHO_N='-n'
ECHO_T=''
EGREP='/bin/grep -E'
EXEEXT=''
FGREP='/bin/grep -F'
GREP='/bin/grep'
INSTALL_DATA='${INSTALL} -m 644'
INSTALL_PROGRAM='${INSTALL}'
INSTALL_SCRIPT='${INSTALL}'
INSTALL_STRIP_PROGRAM='$(install_sh) -c -s'
LD='/usr/bin/ld -m elf_x86_64'
LDFLAGS=''
LIBOBJS=''
LIBS=''
LIBTOOL='$(SHELL) $(top_builddir)/libtool'
LIPO=''
LN_S='ln -s'
LTLIBOBJS=''
MAKEINFO='${SHELL} /home/gm285/Fish/jtc_public/JTC/missing makeinfo'
MANIFEST_TOOL=':'
MKDIR_P='/bin/mkdir -p'
NM='/usr/bin/nm -B'
NMEDIT=''
OBJDUMP='objdump'
OBJEXT='o'
OTOOL64=''
OTOOL=''
PACKAGE='full-package-name'
PACKAGE_BUGREPORT='BUG-REPORT-ADDRESS'
PACKAGE_NAME='FULL-PACKAGE-NAME'
PACKAGE_STRING='FULL-PACKAGE-NAME VERSION'
PACKAGE_TARNAME='full-package-name'
PACKAGE_URL=''
PACKAGE_VERSION='VERSION'
PATH_SEPARATOR=':'
RANLIB='ranlib'
SED='/bin/sed'
SET_MAKE=''
SHELL='/bin/bash'
STRIP='strip'
VERSION='VERSION'
ac_ct_AR='ar'
ac_ct_CC='gcc'
ac_ct_CXX='g++'
ac_ct_DUMPBIN=''
am__EXEEXT_FALSE=''
am__EXEEXT_TRUE='#'
am__fastdepCC_FALSE='#'
am__fastdepCC_TRUE=''
am__fastdepCXX_FALSE='#'
am__fastdepCXX_TRUE=''
am__include='include'
am__isrc=''
am__leading_dot='.'
am__nodep='_no'
am__quote=''
am__tar='$${TAR-tar} chof - "$$tardir"'
am__untar='$${TAR-tar} xf -'
bindir='${exec_prefix}/bin'
build='x86_64-pc-linux-gnu'
build_alias=''
build_cpu='x86_64'
build_os='linux-gnu'
build_vendor='pc'
datadir='${datarootdir}'
datarootdir='${prefix}/share'
docdir='${datarootdir}/doc/${PACKAGE_TARNAME}'
dvidir='${docdir}'
exec_prefix='${prefix}'
host='x86_64-pc-linux-gnu'
host_alias=''
host_cpu='x86_64'
host_os='linux-gnu'
host_vendor='pc'
htmldir='${docdir}'
includedir='${prefix}/include'
infodir='${datarootdir}/info'
install_sh='${SHELL} /home/gm285/Fish/jtc_public/JTC/install-sh'
libdir='${exec_prefix}/lib'
libexecdir='${exec_prefix}/libexec'
localedir='${datarootdir}/locale'
localstatedir='${prefix}/var'
mandir='${datarootdir}/man'
mkdir_p='$(MKDIR_P)'
oldincludedir='/usr/include'
pdfdir='${docdir}'
prefix='/usr/local'
program_transform_name='s,x,x,'
psdir='${docdir}'
sbindir='${exec_prefix}/sbin'
sharedstatedir='${prefix}/com'
subdirs=' cc/blitzpp-blitz-19079b6 cc/gsl-2.4'
sysconfdir='${prefix}/etc'
target_alias=''

## ----------- ##
## confdefs.h. ##
## ----------- ##

/* confdefs.h */
#define PACKAGE_NAME "FULL-PACKAGE-NAME"
#define PACKAGE_TARNAME "full-package-name"
#define PACKAGE_VERSION "VERSION"
#define PACKAGE_STRING "FULL-PACKAGE-NAME VERSION"
#define PACKAGE_BUGREPORT "BUG-REPORT-ADDRESS"
#define PACKAGE_URL ""
#define PACKAGE "full-package-name"
#define VERSION "VERSION"
#define STDC_HEADERS 1
#define HAVE_SYS_TYPES_H 1
#define HAVE_SYS_STAT_H 1
#define HAVE_STDLIB_H 1
#define HAVE_STRING_H 1
#define HAVE_MEMORY_H 1
#define HAVE_STRINGS_H 1
#define HAVE_INTTYPES_H 1
#define HAVE_STDINT_H 1
#define HAVE_UNISTD_H 1
#define HAVE_DLFCN_H 1
#define LT_OBJDIR ".libs/"
#define HAVE_FENV_H 1
#define HAVE_STDLIB_H 1
#define HAVE_STRING_H 1
#define HAVE__BOOL 1
#define HAVE_STDLIB_H 1
#define HAVE_MALLOC 1

configure: exit 0
