This file contains any messages produced by compilers while
running configure, to aid debugging if configure makes a mistake.

It was created by gsl configure 2.4, which was
generated by GNU Autoconf 2.69.  Invocation command line was

  $ ./configure --disable-option-checking --prefix=/usr/local --cache-file=/dev/null --srcdir=.

## --------- ##
## Platform. ##
## --------- ##

hostname = wbic-cs-16
uname -m = x86_64
uname -r = 4.9.0-0.bpo.5-amd64
uname -s = Linux
uname -v = #1 SMP Debian 4.9.65-3+deb9u2~bpo8+1 (2017-01-05)

/usr/bin/uname -p = unknown
/bin/uname -X     = unknown

/bin/arch              = unknown
/usr/bin/arch -k       = unknown
/usr/convex/getsysinfo = unknown
/usr/bin/hostinfo      = unknown
/bin/machine           = unknown
/usr/bin/oslevel       = unknown
/bin/universe          = unknown

PATH: /applications/texlive/2016/bin/x86_64-linux
PATH: /applications/openmpi/openmpi-3.0.0/bin
PATH: /applications/ImageJ/1.50
PATH: /applications/spm/spm12_6906
PATH: /applications/fsl/fsl-5.0.10/bin
PATH: /applications/matlab/matlab2016a/bin
PATH: /applications/hphi/bin
PATH: /usr/local/bin
PATH: /usr/bin
PATH: /bin
PATH: /usr/local/games
PATH: /usr/games
PATH: .


## ----------- ##
## Core tests. ##
## ----------- ##

configure:2381: checking for a BSD-compatible install
configure:2449: result: /usr/bin/install -c
configure:2460: checking whether build environment is sane
configure:2515: result: yes
configure:2666: checking for a thread-safe mkdir -p
configure:2705: result: /bin/mkdir -p
configure:2712: checking for gawk
configure:2728: found /usr/bin/gawk
configure:2739: result: gawk
configure:2750: checking whether make sets $(MAKE)
configure:2772: result: yes
configure:2801: checking whether make supports nested variables
configure:2818: result: yes
configure:2947: checking whether to enable maintainer-specific portions of Makefiles
configure:2956: result: no
configure:2994: checking for a sed that does not truncate output
configure:3058: result: /bin/sed
configure:3070: checking whether make sets $(MAKE)
configure:3092: result: yes
configure:3106: checking build system type
configure:3120: result: x86_64-unknown-linux-gnu
configure:3140: checking host system type
configure:3153: result: x86_64-unknown-linux-gnu
configure:3228: checking for gcc
configure:3244: found /usr/bin/gcc
configure:3255: result: gcc
configure:3484: checking for C compiler version
configure:3493: gcc --version >&5
gcc (Debian 4.9.2-10) 4.9.2
Copyright (C) 2014 Free Software Foundation, Inc.
This is free software; see the source for copying conditions.  There is NO
warranty; not even for MERCHANTABILITY or FITNESS FOR A PARTICULAR PURPOSE.

configure:3504: $? = 0
configure:3493: gcc -v >&5
Using built-in specs.
COLLECT_GCC=gcc
COLLECT_LTO_WRAPPER=/usr/lib/gcc/x86_64-linux-gnu/4.9/lto-wrapper
Target: x86_64-linux-gnu
Configured with: ../src/configure -v --with-pkgversion='Debian 4.9.2-10' --with-bugurl=file:///usr/share/doc/gcc-4.9/README.Bugs --enable-languages=c,c++,java,go,d,fortran,objc,obj-c++ --prefix=/usr --program-suffix=-4.9 --enable-shared --enable-linker-build-id --libexecdir=/usr/lib --without-included-gettext --enable-threads=posix --with-gxx-include-dir=/usr/include/c++/4.9 --libdir=/usr/lib --enable-nls --with-sysroot=/ --enable-clocale=gnu --enable-libstdcxx-debug --enable-libstdcxx-time=yes --enable-gnu-unique-object --disable-vtable-verify --enable-plugin --with-system-zlib --disable-browser-plugin --enable-java-awt=gtk --enable-gtk-cairo --with-java-home=/usr/lib/jvm/java-1.5.0-gcj-4.9-amd64/jre --enable-java-home --with-jvm-root-dir=/usr/lib/jvm/java-1.5.0-gcj-4.9-amd64 --with-jvm-jar-dir=/usr/lib/jvm-exports/java-1.5.0-gcj-4.9-amd64 --with-arch-directory=amd64 --with-ecj-jar=/usr/share/java/eclipse-ecj.jar --enable-objc-gc --enable-multiarch --with-arch-32=i586 --with-abi=m64 --with-multilib-list=m32,m64,mx32 --enable-multilib --with-tune=generic --enable-checking=release --build=x86_64-linux-gnu --host=x86_64-linux-gnu --target=x86_64-linux-gnu
Thread model: posix
gcc version 4.9.2 (Debian 4.9.2-10) 
configure:3504: $? = 0
configure:3493: gcc -V >&5
gcc: error: unrecognized command line option '-V'
gcc: fatal error: no input files
compilation terminated.
configure:3504: $? = 4
configure:3493: gcc -qversion >&5
gcc: error: unrecognized command line option '-qversion'
gcc: fatal error: no input files
compilation terminated.
configure:3504: $? = 4
configure:3524: checking whether the C compiler works
configure:3546: gcc    conftest.c  >&5
configure:3550: $? = 0
configure:3598: result: yes
configure:3601: checking for C compiler default output file name
configure:3603: result: a.out
configure:3609: checking for suffix of executables
configure:3616: gcc -o conftest    conftest.c  >&5
configure:3620: $? = 0
configure:3642: result: 
configure:3664: checking whether we are cross compiling
configure:3672: gcc -o conftest    conftest.c  >&5
configure:3676: $? = 0
configure:3683: ./conftest
configure:3687: $? = 0
configure:3702: result: no
configure:3707: checking for suffix of object files
configure:3729: gcc -c   conftest.c >&5
configure:3733: $? = 0
configure:3754: result: o
configure:3758: checking whether we are using the GNU C compiler
configure:3777: gcc -c   conftest.c >&5
configure:3777: $? = 0
configure:3786: result: yes
configure:3795: checking whether gcc accepts -g
configure:3815: gcc -c -g  conftest.c >&5
configure:3815: $? = 0
configure:3856: result: yes
configure:3873: checking for gcc option to accept ISO C89
configure:3936: gcc  -c -g -O2  conftest.c >&5
configure:3936: $? = 0
configure:3949: result: none needed
configure:3974: checking whether gcc understands -c and -o together
configure:3996: gcc -c conftest.c -o conftest2.o
configure:3999: $? = 0
configure:3996: gcc -c conftest.c -o conftest2.o
configure:3999: $? = 0
configure:4011: result: yes
configure:4039: checking for style of include used by make
configure:4067: result: GNU
configure:4093: checking dependency style of gcc
configure:4204: result: gcc3
configure:4224: checking how to run the C preprocessor
configure:4255: gcc -E  conftest.c
configure:4255: $? = 0
configure:4269: gcc -E  conftest.c
conftest.c:12:28: fatal error: ac_nonexistent.h: No such file or directory
 #include <ac_nonexistent.h>
                            ^
compilation terminated.
configure:4269: $? = 1
configure: failed program was:
| /* confdefs.h */
| #define PACKAGE_NAME "gsl"
| #define PACKAGE_TARNAME "gsl"
| #define PACKAGE_VERSION "2.4"
| #define PACKAGE_STRING "gsl 2.4"
| #define PACKAGE_BUGREPORT ""
| #define PACKAGE_URL ""
| #define PACKAGE "gsl"
| #define VERSION "2.4"
| #define RELEASED /**/
| /* end confdefs.h.  */
| #include <ac_nonexistent.h>
configure:4294: result: gcc -E
configure:4314: gcc -E  conftest.c
configure:4314: $? = 0
configure:4328: gcc -E  conftest.c
conftest.c:12:28: fatal error: ac_nonexistent.h: No such file or directory
 #include <ac_nonexistent.h>
                            ^
compilation terminated.
configure:4328: $? = 1
configure: failed program was:
| /* confdefs.h */
| #define PACKAGE_NAME "gsl"
| #define PACKAGE_TARNAME "gsl"
| #define PACKAGE_VERSION "2.4"
| #define PACKAGE_STRING "gsl 2.4"
| #define PACKAGE_BUGREPORT ""
| #define PACKAGE_URL ""
| #define PACKAGE "gsl"
| #define VERSION "2.4"
| #define RELEASED /**/
| /* end confdefs.h.  */
| #include <ac_nonexistent.h>
configure:4357: checking whether ln -s works
configure:4361: result: yes
configure:4414: checking how to print strings
configure:4441: result: printf
configure:4462: checking for a sed that does not truncate output
configure:4526: result: /bin/sed
configure:4544: checking for grep that handles long lines and -e
configure:4602: result: /bin/grep
configure:4607: checking for egrep
configure:4669: result: /bin/grep -E
configure:4674: checking for fgrep
configure:4736: result: /bin/grep -F
configure:4771: checking for ld used by gcc
configure:4838: result: /usr/bin/ld
configure:4845: checking if the linker (/usr/bin/ld) is GNU ld
configure:4860: result: yes
configure:4872: checking for BSD- or MS-compatible name lister (nm)
configure:4921: result: /usr/bin/nm -B
configure:5051: checking the name lister (/usr/bin/nm -B) interface
configure:5058: gcc -c -g -O2  conftest.c >&5
configure:5061: /usr/bin/nm -B "conftest.o"
configure:5064: output
0000000000000000 B some_variable
configure:5071: result: BSD nm
configure:5075: checking the maximum length of command line arguments
configure:5206: result: 1572864
configure:5223: checking whether the shell understands some XSI constructs
configure:5233: result: yes
configure:5237: checking whether the shell understands "+="
configure:5243: result: yes
configure:5278: checking how to convert x86_64-unknown-linux-gnu file names to x86_64-unknown-linux-gnu format
configure:5318: result: func_convert_file_noop
configure:5325: checking how to convert x86_64-unknown-linux-gnu file names to toolchain format
configure:5345: result: func_convert_file_noop
configure:5352: checking for /usr/bin/ld option to reload object files
configure:5359: result: -r
configure:5433: checking for objdump
configure:5449: found /usr/bin/objdump
configure:5460: result: objdump
configure:5489: checking how to recognize dependent libraries
configure:5687: result: pass_all
configure:5772: checking for dlltool
configure:5802: result: no
configure:5829: checking how to associate runtime and link libraries
configure:5856: result: printf %s\n
configure:5917: checking for ar
configure:5933: found /usr/bin/ar
configure:5944: result: ar
configure:5981: checking for archiver @FILE support
configure:5998: gcc -c -g -O2  conftest.c >&5
configure:5998: $? = 0
configure:6001: ar cru libconftest.a @conftest.lst >&5
configure:6004: $? = 0
configure:6009: ar cru libconftest.a @conftest.lst >&5
ar: conftest.o: No such file or directory
configure:6012: $? = 1
configure:6024: result: @
configure:6082: checking for strip
configure:6098: found /usr/bin/strip
configure:6109: result: strip
configure:6181: checking for ranlib
configure:6197: found /usr/bin/ranlib
configure:6208: result: ranlib
configure:6310: checking command to parse /usr/bin/nm -B output from gcc object
configure:6430: gcc -c -g -O2  conftest.c >&5
configure:6433: $? = 0
configure:6437: /usr/bin/nm -B conftest.o \| sed -n -e 's/^.*[ ]\([ABCDGIRSTW][ABCDGIRSTW]*\)[ ][ ]*\([_A-Za-z][_A-Za-z0-9]*\)$/\1 \2 \2/p' | sed '/ __gnu_lto/d' \> conftest.nm
configure:6440: $? = 0
configure:6506: gcc -o conftest -g -O2   conftest.c conftstm.o >&5
configure:6509: $? = 0
configure:6547: result: ok
configure:6584: checking for sysroot
configure:6614: result: no
configure:6691: gcc -c -g -O2  conftest.c >&5
configure:6694: $? = 0
configure:6883: checking for mt
configure:6899: found /bin/mt
configure:6910: result: mt
configure:6933: checking if mt is a manifest tool
configure:6939: mt '-?'
configure:6947: result: no
configure:7585: checking for ANSI C header files
configure:7605: gcc -c -g -O2  conftest.c >&5
configure:7605: $? = 0
configure:7678: gcc -o conftest -g -O2   conftest.c  >&5
configure:7678: $? = 0
configure:7678: ./conftest
configure:7678: $? = 0
configure:7689: result: yes
configure:7702: checking for sys/types.h
configure:7702: gcc -c -g -O2  conftest.c >&5
configure:7702: $? = 0
configure:7702: result: yes
configure:7702: checking for sys/stat.h
configure:7702: gcc -c -g -O2  conftest.c >&5
configure:7702: $? = 0
configure:7702: result: yes
configure:7702: checking for stdlib.h
configure:7702: gcc -c -g -O2  conftest.c >&5
configure:7702: $? = 0
configure:7702: result: yes
configure:7702: checking for string.h
configure:7702: gcc -c -g -O2  conftest.c >&5
configure:7702: $? = 0
configure:7702: result: yes
configure:7702: checking for memory.h
configure:7702: gcc -c -g -O2  conftest.c >&5
configure:7702: $? = 0
configure:7702: result: yes
configure:7702: checking for strings.h
configure:7702: gcc -c -g -O2  conftest.c >&5
configure:7702: $? = 0
configure:7702: result: yes
configure:7702: checking for inttypes.h
configure:7702: gcc -c -g -O2  conftest.c >&5
configure:7702: $? = 0
configure:7702: result: yes
configure:7702: checking for stdint.h
configure:7702: gcc -c -g -O2  conftest.c >&5
configure:7702: $? = 0
configure:7702: result: yes
configure:7702: checking for unistd.h
configure:7702: gcc -c -g -O2  conftest.c >&5
configure:7702: $? = 0
configure:7702: result: yes
configure:7716: checking for dlfcn.h
configure:7716: gcc -c -g -O2  conftest.c >&5
configure:7716: $? = 0
configure:7716: result: yes
configure:8220: checking for objdir
configure:8235: result: .libs
configure:8502: checking if gcc supports -fno-rtti -fno-exceptions
configure:8520: gcc -c -g -O2  -fno-rtti -fno-exceptions conftest.c >&5
cc1: warning: command line option '-fno-rtti' is valid for C++/ObjC++ but not for C
configure:8524: $? = 0
configure:8537: result: no
configure:8864: checking for gcc option to produce PIC
configure:8871: result: -fPIC -DPIC
configure:8879: checking if gcc PIC flag -fPIC -DPIC works
configure:8897: gcc -c -g -O2  -fPIC -DPIC -DPIC conftest.c >&5
configure:8901: $? = 0
configure:8914: result: yes
configure:8943: checking if gcc static flag -static works
configure:8971: result: yes
configure:8986: checking if gcc supports -c -o file.o
configure:9007: gcc -c -g -O2  -o out/conftest2.o conftest.c >&5
configure:9011: $? = 0
configure:9033: result: yes
configure:9041: checking if gcc supports -c -o file.o
configure:9088: result: yes
configure:9121: checking whether the gcc linker (/usr/bin/ld -m elf_x86_64) supports shared libraries
configure:10278: result: yes
configure:10315: checking whether -lc should be explicitly linked in
configure:10323: gcc -c -g -O2  conftest.c >&5
configure:10326: $? = 0
configure:10341: gcc -shared  -fPIC -DPIC conftest.o  -v -Wl,-soname -Wl,conftest -o conftest 2\>\&1 \| /bin/grep  -lc  \>/dev/null 2\>\&1
configure:10344: $? = 0
configure:10358: result: no
configure:10518: checking dynamic linker characteristics
configure:11018: gcc -o conftest -g -O2   -Wl,-rpath -Wl,/foo conftest.c  >&5
configure:11018: $? = 0
configure:11252: result: GNU/Linux ld.so
configure:11359: checking how to hardcode library paths into programs
configure:11384: result: immediate
configure:11924: checking whether stripping libraries is possible
configure:11929: result: yes
configure:11964: checking if libtool supports shared libraries
configure:11966: result: yes
configure:11969: checking whether to build shared libraries
configure:11990: result: yes
configure:11993: checking whether to build static libraries
configure:11997: result: yes
configure:12035: checking for size_t
configure:12035: gcc -c -g -O2  conftest.c >&5
configure:12035: $? = 0
configure:12035: gcc -c -g -O2  conftest.c >&5
conftest.c: In function 'main':
conftest.c:60:21: error: expected expression before ')' token
 if (sizeof ((size_t)))
                     ^
configure:12035: $? = 1
configure: failed program was:
| /* confdefs.h */
| #define PACKAGE_NAME "gsl"
| #define PACKAGE_TARNAME "gsl"
| #define PACKAGE_VERSION "2.4"
| #define PACKAGE_STRING "gsl 2.4"
| #define PACKAGE_BUGREPORT ""
| #define PACKAGE_URL ""
| #define PACKAGE "gsl"
| #define VERSION "2.4"
| #define RELEASED /**/
| #define STDC_HEADERS 1
| #define HAVE_SYS_TYPES_H 1
| #define HAVE_SYS_STAT_H 1
| #define HAVE_STDLIB_H 1
| #define HAVE_STRING_H 1
| #define HAVE_MEMORY_H 1
| #define HAVE_STRINGS_H 1
| #define HAVE_INTTYPES_H 1
| #define HAVE_STDINT_H 1
| #define HAVE_UNISTD_H 1
| #define HAVE_DLFCN_H 1
| #define LT_OBJDIR ".libs/"
| /* end confdefs.h.  */
| #include <stdio.h>
| #ifdef HAVE_SYS_TYPES_H
| # include <sys/types.h>
| #endif
| #ifdef HAVE_SYS_STAT_H
| # include <sys/stat.h>
| #endif
| #ifdef STDC_HEADERS
| # include <stdlib.h>
| # include <stddef.h>
| #else
| # ifdef HAVE_STDLIB_H
| #  include <stdlib.h>
| # endif
| #endif
| #ifdef HAVE_STRING_H
| # if !defined STDC_HEADERS && defined HAVE_MEMORY_H
| #  include <memory.h>
| # endif
| # include <string.h>
| #endif
| #ifdef HAVE_STRINGS_H
| # include <strings.h>
| #endif
| #ifdef HAVE_INTTYPES_H
| # include <inttypes.h>
| #endif
| #ifdef HAVE_STDINT_H
| # include <stdint.h>
| #endif
| #ifdef HAVE_UNISTD_H
| # include <unistd.h>
| #endif
| int
| main ()
| {
| if (sizeof ((size_t)))
| 	    return 0;
|   ;
|   return 0;
| }
configure:12035: result: yes
configure:12046: checking for working volatile
configure:12065: gcc -c -g -O2  conftest.c >&5
configure:12065: $? = 0
configure:12072: result: yes
configure:12080: checking for inline
configure:12096: gcc -c -g -O2  conftest.c >&5
configure:12096: $? = 0
configure:12104: result: inline
configure:12122: checking whether char is unsigned
configure:12141: gcc -c -g -O2  conftest.c >&5
configure:12141: $? = 0
configure:12148: result: no
configure:12246: checking for cos in -lm
configure:12271: gcc -o conftest -g -O2   conftest.c -lm   >&5
conftest.c:31:6: warning: conflicting types for built-in function 'cos'
 char cos ();
      ^
configure:12271: $? = 0
configure:12280: result: yes
configure:12297: checking for GNU-style extern inline
configure:12316: gcc -c -g -O2  conftest.c >&5
configure:12316: $? = 0
configure:12322: result: yes
configure:12387: checking ieeefp.h usability
configure:12387: gcc -c -g -O2  conftest.c >&5
conftest.c:58:20: fatal error: ieeefp.h: No such file or directory
 #include <ieeefp.h>
                    ^
compilation terminated.
configure:12387: $? = 1
configure: failed program was:
| /* confdefs.h */
| #define PACKAGE_NAME "gsl"
| #define PACKAGE_TARNAME "gsl"
| #define PACKAGE_VERSION "2.4"
| #define PACKAGE_STRING "gsl 2.4"
| #define PACKAGE_BUGREPORT ""
| #define PACKAGE_URL ""
| #define PACKAGE "gsl"
| #define VERSION "2.4"
| #define RELEASED /**/
| #define STDC_HEADERS 1
| #define HAVE_SYS_TYPES_H 1
| #define HAVE_SYS_STAT_H 1
| #define HAVE_STDLIB_H 1
| #define HAVE_STRING_H 1
| #define HAVE_MEMORY_H 1
| #define HAVE_STRINGS_H 1
| #define HAVE_INTTYPES_H 1
| #define HAVE_STDINT_H 1
| #define HAVE_UNISTD_H 1
| #define HAVE_DLFCN_H 1
| #define LT_OBJDIR ".libs/"
| #define HAVE_INLINE 1
| /* end confdefs.h.  */
| #include <stdio.h>
| #ifdef HAVE_SYS_TYPES_H
| # include <sys/types.h>
| #endif
| #ifdef HAVE_SYS_STAT_H
| # include <sys/stat.h>
| #endif
| #ifdef STDC_HEADERS
| # include <stdlib.h>
| # include <stddef.h>
| #else
| # ifdef HAVE_STDLIB_H
| #  include <stdlib.h>
| # endif
| #endif
| #ifdef HAVE_STRING_H
| # if !defined STDC_HEADERS && defined HAVE_MEMORY_H
| #  include <memory.h>
| # endif
| # include <string.h>
| #endif
| #ifdef HAVE_STRINGS_H
| # include <strings.h>
| #endif
| #ifdef HAVE_INTTYPES_H
| # include <inttypes.h>
| #endif
| #ifdef HAVE_STDINT_H
| # include <stdint.h>
| #endif
| #ifdef HAVE_UNISTD_H
| # include <unistd.h>
| #endif
| #include <ieeefp.h>
configure:12387: result: no
configure:12387: checking ieeefp.h presence
configure:12387: gcc -E  conftest.c
conftest.c:25:20: fatal error: ieeefp.h: No such file or directory
 #include <ieeefp.h>
                    ^
compilation terminated.
configure:12387: $? = 1
configure: failed program was:
| /* confdefs.h */
| #define PACKAGE_NAME "gsl"
| #define PACKAGE_TARNAME "gsl"
| #define PACKAGE_VERSION "2.4"
| #define PACKAGE_STRING "gsl 2.4"
| #define PACKAGE_BUGREPORT ""
| #define PACKAGE_URL ""
| #define PACKAGE "gsl"
| #define VERSION "2.4"
| #define RELEASED /**/
| #define STDC_HEADERS 1
| #define HAVE_SYS_TYPES_H 1
| #define HAVE_SYS_STAT_H 1
| #define HAVE_STDLIB_H 1
| #define HAVE_STRING_H 1
| #define HAVE_MEMORY_H 1
| #define HAVE_STRINGS_H 1
| #define HAVE_INTTYPES_H 1
| #define HAVE_STDINT_H 1
| #define HAVE_UNISTD_H 1
| #define HAVE_DLFCN_H 1
| #define LT_OBJDIR ".libs/"
| #define HAVE_INLINE 1
| /* end confdefs.h.  */
| #include <ieeefp.h>
configure:12387: result: no
configure:12387: checking for ieeefp.h
configure:12387: result: no
configure:12416: checking for vprintf
configure:12416: gcc -o conftest -g -O2   conftest.c  >&5
conftest.c:48:6: warning: conflicting types for built-in function 'vprintf'
 char vprintf ();
      ^
configure:12416: $? = 0
configure:12416: result: yes
configure:12422: checking for _doprnt
configure:12422: gcc -o conftest -g -O2   conftest.c  >&5
/tmp/cceN9M0q.o: In function `main':
/home/gm285/Fish/jtc_public/JTC/cc/gsl-2.4/conftest.c:60: undefined reference to `_doprnt'
collect2: error: ld returned 1 exit status
configure:12422: $? = 1
configure: failed program was:
| /* confdefs.h */
| #define PACKAGE_NAME "gsl"
| #define PACKAGE_TARNAME "gsl"
| #define PACKAGE_VERSION "2.4"
| #define PACKAGE_STRING "gsl 2.4"
| #define PACKAGE_BUGREPORT ""
| #define PACKAGE_URL ""
| #define PACKAGE "gsl"
| #define VERSION "2.4"
| #define RELEASED /**/
| #define STDC_HEADERS 1
| #define HAVE_SYS_TYPES_H 1
| #define HAVE_SYS_STAT_H 1
| #define HAVE_STDLIB_H 1
| #define HAVE_STRING_H 1
| #define HAVE_MEMORY_H 1
| #define HAVE_STRINGS_H 1
| #define HAVE_INTTYPES_H 1
| #define HAVE_STDINT_H 1
| #define HAVE_UNISTD_H 1
| #define HAVE_DLFCN_H 1
| #define LT_OBJDIR ".libs/"
| #define HAVE_INLINE 1
| #define HAVE_VPRINTF 1
| /* end confdefs.h.  */
| /* Define _doprnt to an innocuous variant, in case <limits.h> declares _doprnt.
|    For example, HP-UX 11i <limits.h> declares gettimeofday.  */
| #define _doprnt innocuous__doprnt
| 
| /* System header to define __stub macros and hopefully few prototypes,
|     which can conflict with char _doprnt (); below.
|     Prefer <limits.h> to <assert.h> if __STDC__ is defined, since
|     <limits.h> exists even on freestanding compilers.  */
| 
| #ifdef __STDC__
| # include <limits.h>
| #else
| # include <assert.h>
| #endif
| 
| #undef _doprnt
| 
| /* Override any GCC internal prototype to avoid an error.
|    Use char because int might match the return type of a GCC
|    builtin and then its argument prototype would still apply.  */
| #ifdef __cplusplus
| extern "C"
| #endif
| char _doprnt ();
| /* The GNU C library defines this for functions which it implements
|     to always fail with ENOSYS.  Some functions are actually named
|     something starting with __ and the normal name is an alias.  */
| #if defined __stub__doprnt || defined __stub____doprnt
| choke me
| #endif
| 
| int
| main ()
| {
| return _doprnt ();
|   ;
|   return 0;
| }
configure:12422: result: no
configure:12434: checking for memcpy
configure:12434: gcc -o conftest -g -O2   conftest.c  >&5
conftest.c:49:6: warning: conflicting types for built-in function 'memcpy'
 char memcpy ();
      ^
configure:12434: $? = 0
configure:12434: result: yes
configure:12447: checking for memmove
configure:12447: gcc -o conftest -g -O2   conftest.c  >&5
conftest.c:50:6: warning: conflicting types for built-in function 'memmove'
 char memmove ();
      ^
configure:12447: $? = 0
configure:12447: result: yes
configure:12460: checking for strdup
configure:12460: gcc -o conftest -g -O2   conftest.c  >&5
conftest.c:51:6: warning: conflicting types for built-in function 'strdup'
 char strdup ();
      ^
configure:12460: $? = 0
configure:12460: result: yes
configure:12473: checking for strtol
configure:12473: gcc -o conftest -g -O2   conftest.c  >&5
configure:12473: $? = 0
configure:12473: result: yes
configure:12486: checking for strtoul
configure:12486: gcc -o conftest -g -O2   conftest.c  >&5
configure:12486: $? = 0
configure:12486: result: yes
configure:12501: checking for EXIT_SUCCESS and EXIT_FAILURE
configure:12525: result: yes
configure:12536: checking for cos in -lm
configure:12570: result: yes
configure:12583: checking whether feenableexcept is declared
configure:12583: gcc -c -g -O2  conftest.c >&5
configure:12583: $? = 0
configure:12583: result: yes
configure:12596: checking whether fesettrapenable is declared
configure:12596: gcc -c -g -O2  conftest.c >&5
conftest.c: In function 'main':
conftest.c:44:10: error: 'fesettrapenable' undeclared (first use in this function)
   (void) fesettrapenable;
          ^
conftest.c:44:10: note: each undeclared identifier is reported only once for each function it appears in
configure:12596: $? = 1
configure: failed program was:
| /* confdefs.h */
| #define PACKAGE_NAME "gsl"
| #define PACKAGE_TARNAME "gsl"
| #define PACKAGE_VERSION "2.4"
| #define PACKAGE_STRING "gsl 2.4"
| #define PACKAGE_BUGREPORT ""
| #define PACKAGE_URL ""
| #define PACKAGE "gsl"
| #define VERSION "2.4"
| #define RELEASED /**/
| #define STDC_HEADERS 1
| #define HAVE_SYS_TYPES_H 1
| #define HAVE_SYS_STAT_H 1
| #define HAVE_STDLIB_H 1
| #define HAVE_STRING_H 1
| #define HAVE_MEMORY_H 1
| #define HAVE_STRINGS_H 1
| #define HAVE_INTTYPES_H 1
| #define HAVE_STDINT_H 1
| #define HAVE_UNISTD_H 1
| #define HAVE_DLFCN_H 1
| #define LT_OBJDIR ".libs/"
| #define HAVE_INLINE 1
| #define HAVE_VPRINTF 1
| #define HAVE_MEMCPY 1
| #define HAVE_MEMMOVE 1
| #define HAVE_STRDUP 1
| #define HAVE_STRTOL 1
| #define HAVE_STRTOUL 1
| #define HAVE_EXIT_SUCCESS_AND_FAILURE 1
| #define HAVE_LIBM 1
| #define HAVE_DECL_FEENABLEEXCEPT 1
| /* end confdefs.h.  */
| #define _GNU_SOURCE 1
| #include <fenv.h>
| 
| int
| main ()
| {
| #ifndef fesettrapenable
| #ifdef __cplusplus
|   (void) fesettrapenable;
| #else
|   (void) fesettrapenable;
| #endif
| #endif
| 
|   ;
|   return 0;
| }
configure:12596: result: no
configure:12609: checking whether hypot is declared
configure:12609: gcc -c -g -O2  conftest.c >&5
configure:12609: $? = 0
configure:12609: result: yes
configure:12621: checking whether expm1 is declared
configure:12621: gcc -c -g -O2  conftest.c >&5
configure:12621: $? = 0
configure:12621: result: yes
configure:12633: checking whether acosh is declared
configure:12633: gcc -c -g -O2  conftest.c >&5
configure:12633: $? = 0
configure:12633: result: yes
configure:12645: checking whether asinh is declared
configure:12645: gcc -c -g -O2  conftest.c >&5
configure:12645: $? = 0
configure:12645: result: yes
configure:12657: checking whether atanh is declared
configure:12657: gcc -c -g -O2  conftest.c >&5
configure:12657: $? = 0
configure:12657: result: yes
configure:12669: checking whether ldexp is declared
configure:12669: gcc -c -g -O2  conftest.c >&5
configure:12669: $? = 0
configure:12669: result: yes
configure:12681: checking whether frexp is declared
configure:12681: gcc -c -g -O2  conftest.c >&5
configure:12681: $? = 0
configure:12681: result: yes
configure:12693: checking whether fprnd_t is declared
configure:12693: gcc -c -g -O2  conftest.c >&5
conftest.c: In function 'main':
conftest.c:51:10: error: 'fprnd_t' undeclared (first use in this function)
   (void) fprnd_t;
          ^
conftest.c:51:10: note: each undeclared identifier is reported only once for each function it appears in
configure:12693: $? = 1
configure: failed program was:
| /* confdefs.h */
| #define PACKAGE_NAME "gsl"
| #define PACKAGE_TARNAME "gsl"
| #define PACKAGE_VERSION "2.4"
| #define PACKAGE_STRING "gsl 2.4"
| #define PACKAGE_BUGREPORT ""
| #define PACKAGE_URL ""
| #define PACKAGE "gsl"
| #define VERSION "2.4"
| #define RELEASED /**/
| #define STDC_HEADERS 1
| #define HAVE_SYS_TYPES_H 1
| #define HAVE_SYS_STAT_H 1
| #define HAVE_STDLIB_H 1
| #define HAVE_STRING_H 1
| #define HAVE_MEMORY_H 1
| #define HAVE_STRINGS_H 1
| #define HAVE_INTTYPES_H 1
| #define HAVE_STDINT_H 1
| #define HAVE_UNISTD_H 1
| #define HAVE_DLFCN_H 1
| #define LT_OBJDIR ".libs/"
| #define HAVE_INLINE 1
| #define HAVE_VPRINTF 1
| #define HAVE_MEMCPY 1
| #define HAVE_MEMMOVE 1
| #define HAVE_STRDUP 1
| #define HAVE_STRTOL 1
| #define HAVE_STRTOUL 1
| #define HAVE_EXIT_SUCCESS_AND_FAILURE 1
| #define HAVE_LIBM 1
| #define HAVE_DECL_FEENABLEEXCEPT 1
| #define HAVE_DECL_FESETTRAPENABLE 0
| #define HAVE_DECL_HYPOT 1
| #define HAVE_DECL_EXPM1 1
| #define HAVE_DECL_ACOSH 1
| #define HAVE_DECL_ASINH 1
| #define HAVE_DECL_ATANH 1
| #define HAVE_DECL_LDEXP 1
| #define HAVE_DECL_FREXP 1
| /* end confdefs.h.  */
| #include <float.h>
| 
| int
| main ()
| {
| #ifndef fprnd_t
| #ifdef __cplusplus
|   (void) fprnd_t;
| #else
|   (void) fprnd_t;
| #endif
| #endif
| 
|   ;
|   return 0;
| }
configure:12693: result: no
configure:12705: checking whether isinf is declared
configure:12705: gcc -c -g -O2  conftest.c >&5
configure:12705: $? = 0
configure:12705: result: yes
configure:12717: checking whether isfinite is declared
configure:12717: gcc -c -g -O2  conftest.c >&5
configure:12717: $? = 0
configure:12717: result: yes
configure:12729: checking whether finite is declared
configure:12729: gcc -c -g -O2  conftest.c >&5
configure:12729: $? = 0
configure:12729: result: yes
configure:12744: checking whether isnan is declared
configure:12744: gcc -c -g -O2  conftest.c >&5
configure:12744: $? = 0
configure:12744: result: yes
configure:12763: checking whether log1p is declared
configure:12763: gcc -c -g -O2  conftest.c >&5
configure:12763: $? = 0
configure:12763: result: yes
configure:12778: checking for long double stdio
configure:12799: gcc -o conftest -g -O2   conftest.c -lm  >&5
configure:12799: $? = 0
configure:12799: ./conftest
1.234
configure:12799: $? = 0
configure:12809: result: yes
configure:12818: checking for extended floating point registers
configure:12851: result: yes
configure:12860: checking for IEEE arithmetic interface type
configure:12923: result: gnux86
configure:12927: checking for FPU_SETCW
configure:12949: gcc -c -g -O2  conftest.c >&5
configure:12949: $? = 0
configure:12957: result: yes
configure:12962: checking for SSE extensions
configure:13006: gcc -o conftest -g -O2   conftest.c -lm  >&5
configure:13006: $? = 0
configure:13006: ./conftest
configure:13006: $? = 0
configure:13016: result: yes
configure:13053: checking for IEEE compiler flags
configure:13092: result: none
configure:13101: checking for IEEE comparisons
configure:13122: gcc -o conftest -g -O2   conftest.c -lm  >&5
conftest.c: In function 'main':
conftest.c:60:4: warning: incompatible implicit declaration of built-in function 'exit'
    exit (status);
    ^
configure:13122: $? = 0
configure:13122: ./conftest
configure:13122: $? = 0
configure:13133: result: yes
configure:13142: checking for IEEE denormalized values
configure:13164: gcc -o conftest -g -O2   conftest.c -lm  >&5
conftest.c: In function 'main':
conftest.c:62:4: warning: incompatible implicit declaration of built-in function 'exit'
    exit (status);
    ^
configure:13164: $? = 0
configure:13164: ./conftest
configure:13164: $? = 0
configure:13175: result: yes
configure:13314: checking that generated files are newer than configure
configure:13320: result: done
configure:13347: creating ./config.status

## ---------------------- ##
## Running config.status. ##
## ---------------------- ##

This file was extended by gsl config.status 2.4, which was
generated by GNU Autoconf 2.69.  Invocation command line was

  CONFIG_FILES    = 
  CONFIG_HEADERS  = 
  CONFIG_LINKS    = 
  CONFIG_COMMANDS = 
  $ ./config.status 

on wbic-cs-16

config.status:1203: creating Makefile
config.status:1203: creating gsl_version.h
config.status:1203: creating gsl.spec
config.status:1203: creating blas/Makefile
config.status:1203: creating block/Makefile
config.status:1203: creating bspline/Makefile
config.status:1203: creating cblas/Makefile
config.status:1203: creating cdf/Makefile
config.status:1203: creating cheb/Makefile
config.status:1203: creating combination/Makefile
config.status:1203: creating complex/Makefile
config.status:1203: creating const/Makefile
config.status:1203: creating deriv/Makefile
config.status:1203: creating dht/Makefile
config.status:1203: creating diff/Makefile
config.status:1203: creating doc/Makefile
config.status:1203: creating doc/examples/Makefile
config.status:1203: creating eigen/Makefile
config.status:1203: creating err/Makefile
config.status:1203: creating fit/Makefile
config.status:1203: creating fft/Makefile
config.status:1203: creating gsl/Makefile
config.status:1203: creating histogram/Makefile
config.status:1203: creating ieee-utils/Makefile
config.status:1203: creating integration/Makefile
config.status:1203: creating interpolation/Makefile
config.status:1203: creating linalg/Makefile
config.status:1203: creating matrix/Makefile
config.status:1203: creating min/Makefile
config.status:1203: creating monte/Makefile
config.status:1203: creating multifit/Makefile
config.status:1203: creating multifit_nlinear/Makefile
config.status:1203: creating multilarge/Makefile
config.status:1203: creating multilarge_nlinear/Makefile
config.status:1203: creating multimin/Makefile
config.status:1203: creating multiroots/Makefile
config.status:1203: creating multiset/Makefile
config.status:1203: creating ntuple/Makefile
config.status:1203: creating ode-initval/Makefile
config.status:1203: creating ode-initval2/Makefile
config.status:1203: creating permutation/Makefile
config.status:1203: creating poly/Makefile
config.status:1203: creating qrng/Makefile
config.status:1203: creating randist/Makefile
config.status:1203: creating rng/Makefile
config.status:1203: creating roots/Makefile
config.status:1203: creating rstat/Makefile
config.status:1203: creating siman/Makefile
config.status:1203: creating sort/Makefile
config.status:1203: creating spblas/Makefile
config.status:1203: creating splinalg/Makefile
config.status:1203: creating spmatrix/Makefile
config.status:1203: creating specfunc/Makefile
config.status:1203: creating statistics/Makefile
config.status:1203: creating sum/Makefile
config.status:1203: creating sys/Makefile
config.status:1203: creating test/Makefile
config.status:1203: creating utils/Makefile
config.status:1203: creating vector/Makefile
config.status:1203: creating wavelet/Makefile
config.status:1203: creating config.h
config.status:1384: config.h is unchanged
config.status:1432: executing depfiles commands
config.status:1432: executing libtool commands

## ---------------- ##
## Cache variables. ##
## ---------------- ##

ac_cv_build=x86_64-unknown-linux-gnu
ac_cv_c_char_unsigned=no
ac_cv_c_compiler_gnu=yes
ac_cv_c_extended_fp=yes
ac_cv_c_extern_inline=yes
ac_cv_c_fpu_setcw=yes
ac_cv_c_fpu_sse=yes
ac_cv_c_ieee_comparisons=yes
ac_cv_c_ieee_denormals=yes
ac_cv_c_ieee_flags=none
ac_cv_c_ieee_interface=gnux86
ac_cv_c_inline=inline
ac_cv_c_volatile=yes
ac_cv_decl_exit_success_and_failure=yes
ac_cv_env_CC_set=
ac_cv_env_CC_value=
ac_cv_env_CFLAGS_set=
ac_cv_env_CFLAGS_value=
ac_cv_env_CPPFLAGS_set=
ac_cv_env_CPPFLAGS_value=
ac_cv_env_CPP_set=
ac_cv_env_CPP_value=
ac_cv_env_LDFLAGS_set=
ac_cv_env_LDFLAGS_value=
ac_cv_env_LIBS_set=
ac_cv_env_LIBS_value=
ac_cv_env_build_alias_set=
ac_cv_env_build_alias_value=
ac_cv_env_host_alias_set=
ac_cv_env_host_alias_value=
ac_cv_env_target_alias_set=
ac_cv_env_target_alias_value=
ac_cv_func__doprnt=no
ac_cv_func_memcpy=yes
ac_cv_func_memmove=yes
ac_cv_func_printf_longdouble=yes
ac_cv_func_strdup=yes
ac_cv_func_strtol=yes
ac_cv_func_strtoul=yes
ac_cv_func_vprintf=yes
ac_cv_have_decl_acosh=yes
ac_cv_have_decl_asinh=yes
ac_cv_have_decl_atanh=yes
ac_cv_have_decl_expm1=yes
ac_cv_have_decl_feenableexcept=yes
ac_cv_have_decl_fesettrapenable=no
ac_cv_have_decl_finite=yes
ac_cv_have_decl_fprnd_t=no
ac_cv_have_decl_frexp=yes
ac_cv_have_decl_hypot=yes
ac_cv_have_decl_isfinite=yes
ac_cv_have_decl_isinf=yes
ac_cv_have_decl_isnan=yes
ac_cv_have_decl_ldexp=yes
ac_cv_have_decl_log1p=yes
ac_cv_header_dlfcn_h=yes
ac_cv_header_ieeefp_h=no
ac_cv_header_inttypes_h=yes
ac_cv_header_memory_h=yes
ac_cv_header_stdc=yes
ac_cv_header_stdint_h=yes
ac_cv_header_stdlib_h=yes
ac_cv_header_string_h=yes
ac_cv_header_strings_h=yes
ac_cv_header_sys_stat_h=yes
ac_cv_header_sys_types_h=yes
ac_cv_header_unistd_h=yes
ac_cv_host=x86_64-unknown-linux-gnu
ac_cv_lib_m_cos=yes
ac_cv_objext=o
ac_cv_path_EGREP='/bin/grep -E'
ac_cv_path_FGREP='/bin/grep -F'
ac_cv_path_GREP=/bin/grep
ac_cv_path_SED=/bin/sed
ac_cv_path_install='/usr/bin/install -c'
ac_cv_path_mkdir=/bin/mkdir
ac_cv_prog_AWK=gawk
ac_cv_prog_CPP='gcc -E'
ac_cv_prog_ac_ct_AR=ar
ac_cv_prog_ac_ct_CC=gcc
ac_cv_prog_ac_ct_MANIFEST_TOOL=mt
ac_cv_prog_ac_ct_OBJDUMP=objdump
ac_cv_prog_ac_ct_RANLIB=ranlib
ac_cv_prog_ac_ct_STRIP=strip
ac_cv_prog_cc_c89=
ac_cv_prog_cc_g=yes
ac_cv_prog_make_make_set=yes
ac_cv_type_size_t=yes
am_cv_CC_dependencies_compiler_type=gcc3
am_cv_make_support_nested_variables=yes
am_cv_prog_cc_c_o=yes
lt_cv_ar_at_file=@
lt_cv_archive_cmds_need_lc=no
lt_cv_deplibs_check_method=pass_all
lt_cv_file_magic_cmd='$MAGIC_CMD'
lt_cv_file_magic_test_file=
lt_cv_ld_reload_flag=-r
lt_cv_nm_interface='BSD nm'
lt_cv_objdir=.libs
lt_cv_path_LD=/usr/bin/ld
lt_cv_path_NM='/usr/bin/nm -B'
lt_cv_path_mainfest_tool=no
lt_cv_prog_compiler_c_o=yes
lt_cv_prog_compiler_pic='-fPIC -DPIC'
lt_cv_prog_compiler_pic_works=yes
lt_cv_prog_compiler_rtti_exceptions=no
lt_cv_prog_compiler_static_works=yes
lt_cv_prog_gnu_ld=yes
lt_cv_sharedlib_from_linklib_cmd='printf %s\n'
lt_cv_shlibpath_overrides_runpath=no
lt_cv_sys_global_symbol_pipe='sed -n -e '\''s/^.*[	 ]\([ABCDGIRSTW][ABCDGIRSTW]*\)[	 ][	 ]*\([_A-Za-z][_A-Za-z0-9]*\)$/\1 \2 \2/p'\'' | sed '\''/ __gnu_lto/d'\'''
lt_cv_sys_global_symbol_to_c_name_address='sed -n -e '\''s/^: \([^ ]*\)[ ]*$/  {\"\1\", (void *) 0},/p'\'' -e '\''s/^[ABCDGIRSTW]* \([^ ]*\) \([^ ]*\)$/  {"\2", (void *) \&\2},/p'\'''
lt_cv_sys_global_symbol_to_c_name_address_lib_prefix='sed -n -e '\''s/^: \([^ ]*\)[ ]*$/  {\"\1\", (void *) 0},/p'\'' -e '\''s/^[ABCDGIRSTW]* \([^ ]*\) \(lib[^ ]*\)$/  {"\2", (void *) \&\2},/p'\'' -e '\''s/^[ABCDGIRSTW]* \([^ ]*\) \([^ ]*\)$/  {"lib\2", (void *) \&\2},/p'\'''
lt_cv_sys_global_symbol_to_cdecl='sed -n -e '\''s/^T .* \(.*\)$/extern int \1();/p'\'' -e '\''s/^[ABCDGIRSTW]* .* \(.*\)$/extern char \1;/p'\'''
lt_cv_sys_max_cmd_len=1572864
lt_cv_to_host_file_cmd=func_convert_file_noop
lt_cv_to_tool_file_cmd=func_convert_file_noop

## ----------------- ##
## Output variables. ##
## ----------------- ##

ACLOCAL='${SHELL} /home/gm285/Fish/jtc_public/JTC/cc/gsl-2.4/missing aclocal-1.14'
AMDEPBACKSLASH='\'
AMDEP_FALSE='#'
AMDEP_TRUE=''
AMTAR='$${TAR-tar}'
AM_BACKSLASH='\'
AM_DEFAULT_V='$(AM_DEFAULT_VERBOSITY)'
AM_DEFAULT_VERBOSITY='1'
AM_V='$(V)'
AR='ar'
AS='as'
AUTOCONF='${SHELL} /home/gm285/Fish/jtc_public/JTC/cc/gsl-2.4/missing autoconf'
AUTOHEADER='${SHELL} /home/gm285/Fish/jtc_public/JTC/cc/gsl-2.4/missing autoheader'
AUTOMAKE='${SHELL} /home/gm285/Fish/jtc_public/JTC/cc/gsl-2.4/missing automake-1.14'
AWK='gawk'
CC='gcc'
CCDEPMODE='depmode=gcc3'
CFLAGS='-g -O2'
CPP='gcc -E'
CPPFLAGS=''
CYGPATH_W='echo'
DEFS='-DHAVE_CONFIG_H'
DEPDIR='.deps'
DLLTOOL='false'
DSYMUTIL=''
DUMPBIN=''
ECHO_C=''
ECHO_N='-n'
ECHO_T=''
EGREP='/bin/grep -E'
EXEEXT=''
FGREP='/bin/grep -F'
GREP='/bin/grep'
GSLCBLAS_LDFLAGS=''
GSL_CFLAGS='-I${prefix}/include'
GSL_LDFLAGS=''
GSL_LIBADD=''
GSL_LIBM='-lm'
GSL_LIBS='-L${exec_prefix}/lib -lgsl'
GSL_LT_CBLAS_VERSION='0:0:0'
GSL_LT_VERSION='23:0:0'
GSL_MAJOR_VERSION='2'
GSL_MINOR_VERSION='4'
HAVE_AIX_IEEE_INTERFACE=''
HAVE_DARWIN86_IEEE_INTERFACE=''
HAVE_DARWIN_IEEE_INTERFACE=''
HAVE_FREEBSD_IEEE_INTERFACE=''
HAVE_GNUM68K_IEEE_INTERFACE=''
HAVE_GNUPPC_IEEE_INTERFACE=''
HAVE_GNUSPARC_IEEE_INTERFACE=''
HAVE_GNUX86_IEEE_INTERFACE=''
HAVE_HPUX11_IEEE_INTERFACE=''
HAVE_HPUX_IEEE_INTERFACE=''
HAVE_IRIX_IEEE_INTERFACE=''
HAVE_NETBSD_IEEE_INTERFACE=''
HAVE_OPENBSD_IEEE_INTERFACE=''
HAVE_OS2EMX_IEEE_INTERFACE=''
HAVE_SOLARIS_IEEE_INTERFACE=''
HAVE_SUNOS4_IEEE_INTERFACE=''
HAVE_TRU64_IEEE_INTERFACE=''
INSTALL_DATA='${INSTALL} -m 644'
INSTALL_PROGRAM='${INSTALL}'
INSTALL_SCRIPT='${INSTALL}'
INSTALL_STRIP_PROGRAM='$(install_sh) -c -s'
LD='/usr/bin/ld -m elf_x86_64'
LDFLAGS=''
LIBM='-lm'
LIBOBJS=''
LIBS='-lm '
LIBTOOL='$(SHELL) $(top_builddir)/libtool'
LIPO=''
LN_S='ln -s'
LTLIBOBJS=''
MAINT='#'
MAINTAINER_MODE_FALSE=''
MAINTAINER_MODE_TRUE='#'
MAKEINFO='${SHELL} /home/gm285/Fish/jtc_public/JTC/cc/gsl-2.4/missing makeinfo'
MANIFEST_TOOL=':'
MKDIR_P='/bin/mkdir -p'
NM='/usr/bin/nm -B'
NMEDIT=''
OBJDUMP='objdump'
OBJEXT='o'
OTOOL64=''
OTOOL=''
PACKAGE='gsl'
PACKAGE_BUGREPORT=''
PACKAGE_NAME='gsl'
PACKAGE_STRING='gsl 2.4'
PACKAGE_TARNAME='gsl'
PACKAGE_URL=''
PACKAGE_VERSION='2.4'
PATH_SEPARATOR=':'
RANLIB='ranlib'
SED='/bin/sed'
SET_MAKE=''
SHELL='/bin/bash'
STRIP='strip'
VERSION='2.4'
ac_ct_AR='ar'
ac_ct_CC='gcc'
ac_ct_DUMPBIN=''
am__EXEEXT_FALSE=''
am__EXEEXT_TRUE='#'
am__fastdepCC_FALSE='#'
am__fastdepCC_TRUE=''
am__include='include'
am__isrc=''
am__leading_dot='.'
am__nodep='_no'
am__quote=''
am__tar='$${TAR-tar} chof - "$$tardir"'
am__untar='$${TAR-tar} xf -'
bindir='${exec_prefix}/bin'
build='x86_64-unknown-linux-gnu'
build_alias=''
build_cpu='x86_64'
build_os='linux-gnu'
build_vendor='unknown'
datadir='${datarootdir}'
datarootdir='${prefix}/share'
docdir='${datarootdir}/doc/${PACKAGE_TARNAME}'
dvidir='${docdir}'
exec_prefix='${prefix}'
host='x86_64-unknown-linux-gnu'
host_alias=''
host_cpu='x86_64'
host_os='linux-gnu'
host_vendor='unknown'
htmldir='${docdir}'
includedir='${prefix}/include'
infodir='${datarootdir}/info'
install_sh='${SHELL} /home/gm285/Fish/jtc_public/JTC/cc/gsl-2.4/install-sh'
libdir='${exec_prefix}/lib'
libexecdir='${exec_prefix}/libexec'
localedir='${datarootdir}/locale'
localstatedir='${prefix}/var'
mandir='${datarootdir}/man'
mkdir_p='$(MKDIR_P)'
oldincludedir='/usr/include'
pdfdir='${docdir}'
prefix='/usr/local'
program_transform_name='s,x,x,'
psdir='${docdir}'
sbindir='${exec_prefix}/sbin'
sharedstatedir='${prefix}/com'
sysconfdir='${prefix}/etc'
target_alias=''

## ----------- ##
## confdefs.h. ##
## ----------- ##

/* confdefs.h */
#define PACKAGE_NAME "gsl"
#define PACKAGE_TARNAME "gsl"
#define PACKAGE_VERSION "2.4"
#define PACKAGE_STRING "gsl 2.4"
#define PACKAGE_BUGREPORT ""
#define PACKAGE_URL ""
#define PACKAGE "gsl"
#define VERSION "2.4"
#define RELEASED /**/
#define STDC_HEADERS 1
#define HAVE_SYS_TYPES_H 1
#define HAVE_SYS_STAT_H 1
#define HAVE_STDLIB_H 1
#define HAVE_STRING_H 1
#define HAVE_MEMORY_H 1
#define HAVE_STRINGS_H 1
#define HAVE_INTTYPES_H 1
#define HAVE_STDINT_H 1
#define HAVE_UNISTD_H 1
#define HAVE_DLFCN_H 1
#define LT_OBJDIR ".libs/"
#define HAVE_INLINE 1
#define HAVE_VPRINTF 1
#define HAVE_MEMCPY 1
#define HAVE_MEMMOVE 1
#define HAVE_STRDUP 1
#define HAVE_STRTOL 1
#define HAVE_STRTOUL 1
#define HAVE_EXIT_SUCCESS_AND_FAILURE 1
#define HAVE_LIBM 1
#define HAVE_DECL_FEENABLEEXCEPT 1
#define HAVE_DECL_FESETTRAPENABLE 0
#define HAVE_DECL_HYPOT 1
#define HAVE_DECL_EXPM1 1
#define HAVE_DECL_ACOSH 1
#define HAVE_DECL_ASINH 1
#define HAVE_DECL_ATANH 1
#define HAVE_DECL_LDEXP 1
#define HAVE_DECL_FREXP 1
#define HAVE_DECL_FPRND_T 0
#define HAVE_DECL_ISINF 1
#define HAVE_DECL_ISFINITE 1
#define HAVE_DECL_FINITE 1
#define HAVE_DECL_ISNAN 1
#define HAVE_DECL_LOG1P 1
#define HAVE_PRINTF_LONGDOUBLE 1
#define HAVE_EXTENDED_PRECISION_REGISTERS 1
#define HAVE_FPU_X86_SSE 1
#define HAVE_GNUX86_IEEE_INTERFACE 1
#define HAVE_IEEE_COMPARISONS 1
#define HAVE_IEEE_DENORMALS 1

configure: exit 0
